<?xml version="1.0" encoding="utf-8"?><testsuites name="pytest tests"><testsuite name="pytest" errors="0" failures="1" skipped="0" tests="28" time="3.595" timestamp="2026-08-11T08:11:48.790542+00:00" hostname="agent-env-d70b155c-6ab7-4c31-9882-4347c6a7cb10"><testcase classname="backend.tests.test_access_link.TestAccessLinkEdit" name="test_create_edit_link" time="0.488" /><testcase classname="backend.tests.test_access_link.TestAccessLinkEdit" name="test_public_access_returns_cookies" time="0.102" /><testcase classname="backend.tests.test_access_link.TestAccessLinkEdit" name="test_me_returns_manager_via_link" time="0.044" /><testcase classname="backend.tests.test_access_link.TestAccessLinkEdit" name="test_link_session_can_read_flows" time="0.045" /><testcase classname="backend.tests.test_access_link.TestAccessLinkEdit" name="test_link_session_admin_endpoint_forbidden" time="0.045" /><testcase classname="backend.tests.test_access_link.TestAccessLinkEdit" name="test_link_session_tenant_context" time="0.044" /><testcase classname="backend.tests.test_access_link.TestAccessLinkEdit" name="test_link_session_ignores_act_as_header" time="0.084" /><testcase classname="backend.tests.test_access_link.TestAccessLinkEdit" name="test_link_session_change_password_forbidden" time="0.042" /><testcase classname="backend.tests.test_access_link.TestAccessLinkEdit" name="test_link_session_can_create_flow" time="0.083" /><testcase classname="backend.tests.test_access_link.TestAccessLinkEdit" name="test_link_session_refresh_ok" time="0.045"><failure message="assert 401 == 200&#10; +  where 401 = &lt;Response [401]&gt;.status_code">backend/tests/test_access_link.py:149: in test_link_session_refresh_ok
    assert r.status_code == 200
E   assert 401 == 200
E    +  where 401 = &lt;Response [401]&gt;.status_code</failure></testcase><testcase classname="backend.tests.test_access_link.TestAccessLinkEdit" name="test_cleanup_flow" time="0.044" /><testcase classname="backend.tests.test_access_link.TestAccessLinkRead" name="test_create_read_link_and_use" time="0.145" /><testcase classname="backend.tests.test_access_link.TestAccessLinkRead" name="test_read_link_role" time="0.042" /><testcase classname="backend.tests.test_access_link.TestAccessLinkRead" name="test_read_link_get_ok" time="0.082" /><testcase classname="backend.tests.test_access_link.TestAccessLinkRead" name="test_read_link_post_forbidden" time="0.043" /><testcase classname="backend.tests.test_access_link.TestAccessLinkRevocation" name="test_revoke_link" time="0.048" /><testcase classname="backend.tests.test_access_link.TestAccessLinkRevocation" name="test_existing_session_401_after_revoke" time="0.043" /><testcase classname="backend.tests.test_access_link.TestAccessLinkRevocation" name="test_reuse_revoked_token_404" time="0.108" /><testcase classname="backend.tests.test_access_link.TestAccessLinkRevocation" name="test_refresh_after_revoke_401" time="0.045" /><testcase classname="backend.tests.test_access_link.TestAccessLinkSecurity" name="test_bogus_token_404" time="0.095" /><testcase classname="backend.tests.test_access_link.TestAccessLinkSecurity" name="test_suspended_client_link_forbidden" time="0.356" /><testcase classname="backend.tests.test_access_link" name="test_mongo_token_hash_only" time="0.010" /><testcase classname="backend.tests.test_access_link" name="test_audit_log_contains_events" time="0.003" /><testcase classname="backend.tests.test_access_link.TestNonRegression" name="test_super_admin_login" time="0.376" /><testcase classname="backend.tests.test_access_link.TestNonRegression" name="test_super_admin_overview" time="0.527" /><testcase classname="backend.tests.test_access_link.TestNonRegression" name="test_beta_admin_can_still_login" time="0.320" /><testcase classname="backend.tests.test_access_link.TestNonRegression" name="test_alpha_still_active_at_end" time="0.046" /><testcase classname="backend.tests.test_access_link.TestNonRegression" name="test_beta_still_active_at_end" time="0.057" /></testsuite></testsuites>