<?xml version="1.0" encoding="utf-8"?><testsuites name="pytest tests"><testsuite name="pytest" errors="0" failures="0" skipped="0" tests="18" time="59.430" timestamp="2026-08-12T14:21:16.654737+00:00" hostname="agent-env-d70b155c-6ab7-4c31-9882-4347c6a7cb10"><testcase classname="tests.test_capabilities.TestCapabilitiesTechlift" name="test_techlift_37_records" time="0.623" /><testcase classname="tests.test_capabilities.TestCapabilitiesTechlift" name="test_techlift_capability_counts" time="0.082" /><testcase classname="tests.test_capabilities.TestCapabilitiesTechlift" name="test_techlift_value_schema" time="0.078" /><testcase classname="tests.test_capabilities.TestCapabilitiesTechlift" name="test_ev_keys_always_unavailable_techlift" time="0.083" /><testcase classname="tests.test_capabilities.TestCapabilitiesTechlift" name="test_individual_tracker_ok_and_404" time="0.209" /><testcase classname="tests.test_capabilities.TestCapabilitiesTechlift" name="test_cache_fast_second_call" time="0.154" /><testcase classname="tests.test_capabilities.TestCapabilitiesFlex" name="test_flex_52_records" time="0.159" /><testcase classname="tests.test_capabilities.TestCapabilitiesFlex" name="test_flex_zoe_unknown_no_ev" time="0.083" /><testcase classname="tests.test_capabilities.TestCapabilitiesFlex" name="test_flex_prius_dtc_stale_vin" time="0.085" /><testcase classname="tests.test_capabilities.TestCapabilitiesFlex" name="test_flex_porto_fuel_available" time="0.084" /><testcase classname="tests.test_capabilities.TestCapabilitiesFlex" name="test_flex_tigizirt_unverified" time="0.086" /><testcase classname="tests.test_capabilities.TestMultiTenantIsolation" name="test_beta_hash_fake_returns_clean_error" time="0.818" /><testcase classname="tests.test_capabilities.TestMultiTenantIsolation" name="test_beta_cannot_impersonate_via_header" time="0.424" /><testcase classname="tests.test_capabilities.TestFleetStats" name="test_data_status_present" time="11.926" /><testcase classname="tests.test_capabilities.TestFleetStats" name="test_vehicles_have_fuel_type_no_silent_zero" time="0.073" /><testcase classname="tests.test_capabilities.TestFleetStats" name="test_efficiency_data_status" time="11.500" /><testcase classname="tests.test_capabilities.TestExports" name="test_pdf" time="32.730" /><testcase classname="tests.test_capabilities.TestExports" name="test_csv" time="0.142" /></testsuite></testsuites>