<?xml version="1.0" encoding="utf-8"?><testsuites name="pytest tests"><testsuite name="pytest" errors="8" failures="39" skipped="0" tests="171" time="122.719" timestamp="2026-08-14T06:37:05.259186+00:00" hostname="agent-env-d70b155c-6ab7-4c31-9882-4347c6a7cb10"><testcase classname="tests.backend_test" name="test_root_engine_version" time="0.304" /><testcase classname="tests.backend_test" name="test_fleet_stats_audit_and_real_data" time="0.044"><failure message="AssertionError: {&quot;detail&quot;:&quot;Non authentifié&quot;}&#10;assert 401 == 200&#10; +  where 401 = &lt;Response [401]&gt;.status_code">E   AssertionError: {"detail":"Non authentifié"}
    assert 401 == 200
     +  where 401 = &lt;Response [401]&gt;.status_code</failure></testcase><testcase classname="tests.backend_test" name="test_trends_real_and_null_fields" time="0.043"><failure message="AssertionError: {&quot;detail&quot;:&quot;Non authentifié&quot;}&#10;assert 401 == 200&#10; +  where 401 = &lt;Response [401]&gt;.status_code">E   AssertionError: {"detail":"Non authentifié"}
    assert 401 == 200
     +  where 401 = &lt;Response [401]&gt;.status_code</failure></testcase><testcase classname="tests.backend_test" name="test_vehicle_comparison" time="0.041"><failure message="AssertionError: {&quot;detail&quot;:&quot;Non authentifié&quot;}&#10;assert 401 == 200&#10; +  where 401 = &lt;Response [401]&gt;.status_code">E   AssertionError: {"detail":"Non authentifié"}
    assert 401 == 200
     +  where 401 = &lt;Response [401]&gt;.status_code</failure></testcase><testcase classname="tests.backend_test" name="test_fleet_efficiency" time="0.041"><failure message="AssertionError: {&quot;detail&quot;:&quot;Non authentifié&quot;}&#10;assert 401 == 200&#10; +  where 401 = &lt;Response [401]&gt;.status_code">E   AssertionError: {"detail":"Non authentifié"}
    assert 401 == 200
     +  where 401 = &lt;Response [401]&gt;.status_code</failure></testcase><testcase classname="tests.backend_test" name="test_fuel_config_default" time="0.050"><failure message="AssertionError: {&quot;detail&quot;:&quot;Non authentifié&quot;}&#10;assert 401 == 200&#10; +  where 401 = &lt;Response [401]&gt;.status_code">E   AssertionError: {"detail":"Non authentifié"}
    assert 401 == 200
     +  where 401 = &lt;Response [401]&gt;.status_code</failure></testcase><testcase classname="tests.backend_test" name="test_fuel_config_put_and_fleet_stats_have_fuel" time="0.042"><failure message="AssertionError: {&quot;detail&quot;:&quot;Non authentifié&quot;}&#10;assert 401 == 200&#10; +  where 401 = &lt;Response [401]&gt;.status_code">E   AssertionError: {"detail":"Non authentifié"}
    assert 401 == 200
     +  where 401 = &lt;Response [401]&gt;.status_code</failure></testcase><testcase classname="tests.backend_test" name="test_fuel_config_reset_null" time="0.044"><failure message="assert 401 == 200&#10; +  where 401 = &lt;Response [401]&gt;.status_code">E   assert 401 == 200
     +  where 401 = &lt;Response [401]&gt;.status_code</failure></testcase><testcase classname="tests.backend_test" name="test_audit_compare" time="0.043"><failure message="AssertionError: {&quot;detail&quot;:&quot;Non authentifié&quot;}&#10;assert 401 == 200&#10; +  where 401 = &lt;Response [401]&gt;.status_code">E   AssertionError: {"detail":"Non authentifié"}
    assert 401 == 200
     +  where 401 = &lt;Response [401]&gt;.status_code</failure></testcase><testcase classname="tests.backend_test" name="test_export_pdf" time="0.052"><failure message="AssertionError: {&quot;detail&quot;:&quot;Non authentifié&quot;}&#10;assert 401 == 200&#10; +  where 401 = &lt;Response [401]&gt;.status_code">E   AssertionError: {"detail":"Non authentifié"}
    assert 401 == 200
     +  where 401 = &lt;Response [401]&gt;.status_code</failure></testcase><testcase classname="tests.backend_test" name="test_idle_by_group" time="0.042"><failure message="AssertionError: {&quot;detail&quot;:&quot;Non authentifié&quot;}&#10;assert 401 == 200&#10; +  where 401 = &lt;Response [401]&gt;.status_code">E   AssertionError: {"detail":"Non authentifié"}
    assert 401 == 200
     +  where 401 = &lt;Response [401]&gt;.status_code</failure></testcase><testcase classname="tests.backend_test" name="test_driver_report" time="0.043"><failure message="AssertionError: {&quot;detail&quot;:&quot;Non authentifié&quot;}&#10;assert 401 == 200&#10; +  where 401 = &lt;Response [401]&gt;.status_code">E   AssertionError: {"detail":"Non authentifié"}
    assert 401 == 200
     +  where 401 = &lt;Response [401]&gt;.status_code</failure></testcase><testcase classname="tests.backend_test" name="test_fleet_stats_has_total_mileage" time="0.252"><failure message="AssertionError: assert 'total_mileage' in {}">E   AssertionError: assert 'total_mileage' in {}</failure></testcase><testcase classname="tests.backend_test" name="test_vehicle_comparison_sum_matches_fleet_stats" time="0.000" /><testcase classname="tests.backend_test" name="test_trends_summary_matches_fleet_stats" time="0.000" /><testcase classname="tests.backend_test" name="test_efficiency_sum_matches_fleet_stats" time="0.000" /><testcase classname="tests.backend_test" name="test_efficiency_enriched_summary_and_categories" time="0.000"><failure message="AssertionError: active_day_threshold_km should be 1.0, got None&#10;assert None == 1.0&#10; +  where None = &lt;built-in method get of dict object at 0xfd0f1ba0d400&gt;('active_day_threshold_km')&#10; +    where &lt;built-in method get of dict object at 0xfd0f1ba0d400&gt; = {'detail': 'Non authentifié'}.get">E   AssertionError: active_day_threshold_km should be 1.0, got None
    assert None == 1.0
     +  where None = &lt;built-in method get of dict object at 0xfd0f1ba0d400&gt;('active_day_threshold_km')
     +    where &lt;built-in method get of dict object at 0xfd0f1ba0d400&gt; = {'detail': 'Non authentifié'}.get</failure></testcase><testcase classname="tests.backend_test" name="test_efficiency_vehicle_daily_breakdown_and_category" time="0.000"><failure message="assert 0 &gt; 0&#10; +  where 0 = len([])">E   assert 0 &gt; 0
     +  where 0 = len([])</failure></testcase><testcase classname="tests.backend_test" name="test_efficiency_category_thresholds" time="0.000" /><testcase classname="tests.backend_test" name="test_vehicle_comparison_has_active_days_not_7d" time="0.003"><failure message="assert 0 &gt; 0&#10; +  where 0 = len([])">E   assert 0 &gt; 0
     +  where 0 = len([])</failure></testcase><testcase classname="tests.test_access_link.TestAccessLinkEdit" name="test_create_edit_link" time="0.458" /><testcase classname="tests.test_access_link.TestAccessLinkEdit" name="test_public_access_302_sets_cookies" time="0.152" /><testcase classname="tests.test_access_link.TestAccessLinkEdit" name="test_me_returns_manager_via_link" time="0.052" /><testcase classname="tests.test_access_link.TestAccessLinkEdit" name="test_link_session_can_read_flows" time="0.053" /><testcase classname="tests.test_access_link.TestAccessLinkEdit" name="test_link_session_admin_endpoint_forbidden" time="0.048" /><testcase classname="tests.test_access_link.TestAccessLinkEdit" name="test_link_session_tenant_context" time="0.050" /><testcase classname="tests.test_access_link.TestAccessLinkEdit" name="test_link_session_ignores_act_as_header" time="0.050" /><testcase classname="tests.test_access_link.TestAccessLinkEdit" name="test_link_session_change_password_forbidden" time="0.049" /><testcase classname="tests.test_access_link.TestAccessLinkEdit" name="test_link_session_can_create_flow" time="0.049" /><testcase classname="tests.test_access_link.TestAccessLinkEdit" name="test_link_session_csrf_cross_origin_blocked" time="0.003" /><testcase classname="tests.test_access_link.TestAccessLinkEdit" name="test_link_session_same_origin_post_allowed" time="0.104" /><testcase classname="tests.test_access_link.TestAccessLinkEdit" name="test_link_session_refresh_ok" time="0.067" /><testcase classname="tests.test_access_link.TestAccessLinkEdit" name="test_cleanup_flow" time="0.051" /><testcase classname="tests.test_access_link.TestAccessLinkRead" name="test_create_read_link_and_use" time="0.152" /><testcase classname="tests.test_access_link.TestAccessLinkRead" name="test_read_link_role" time="0.044" /><testcase classname="tests.test_access_link.TestAccessLinkRead" name="test_read_link_get_ok" time="0.045" /><testcase classname="tests.test_access_link.TestAccessLinkRead" name="test_read_link_post_forbidden" time="0.049" /><testcase classname="tests.test_access_link.TestAccessLinkRevocation" name="test_revoke_link" time="0.046" /><testcase classname="tests.test_access_link.TestAccessLinkRevocation" name="test_existing_session_401_after_revoke" time="0.041" /><testcase classname="tests.test_access_link.TestAccessLinkRevocation" name="test_reuse_revoked_token_redirects_invalid" time="0.142" /><testcase classname="tests.test_access_link.TestAccessLinkRevocation" name="test_refresh_after_revoke_401" time="0.043" /><testcase classname="tests.test_access_link.TestAccessLinkSecurity" name="test_bogus_token_redirects_invalid" time="0.142" /><testcase classname="tests.test_access_link.TestAccessLinkSecurity" name="test_suspended_client_link_forbidden" time="0.322" /><testcase classname="tests.test_access_link" name="test_mongo_token_hash_only" time="0.004" /><testcase classname="tests.test_access_link" name="test_audit_log_contains_events" time="0.003" /><testcase classname="tests.test_access_link.TestNonRegression" name="test_super_admin_login" time="0.384" /><testcase classname="tests.test_access_link.TestNonRegression" name="test_super_admin_overview" time="0.427" /><testcase classname="tests.test_access_link.TestNonRegression" name="test_beta_admin_can_still_login" time="0.321" /><testcase classname="tests.test_access_link.TestNonRegression" name="test_alpha_still_active_at_end" time="0.044" /><testcase classname="tests.test_access_link.TestNonRegression" name="test_beta_still_active_at_end" time="0.046" /><testcase classname="tests.test_analyse_flotte_invariants" name="test_efficiency_invariants[2026-02-01-2026-02-07-7]" time="0.135"><failure message="AssertionError: {&quot;detail&quot;:&quot;Non authentifié&quot;}&#10;assert 401 == 200&#10; +  where 401 = &lt;Response [401]&gt;.status_code">E   AssertionError: {"detail":"Non authentifié"}
    assert 401 == 200
     +  where 401 = &lt;Response [401]&gt;.status_code</failure></testcase><testcase classname="tests.test_analyse_flotte_invariants" name="test_efficiency_invariants[2026-02-07-2026-02-07-1]" time="0.068"><failure message="AssertionError: {&quot;detail&quot;:&quot;Non authentifié&quot;}&#10;assert 401 == 200&#10; +  where 401 = &lt;Response [401]&gt;.status_code">E   AssertionError: {"detail":"Non authentifié"}
    assert 401 == 200
     +  where 401 = &lt;Response [401]&gt;.status_code</failure></testcase><testcase classname="tests.test_analyse_flotte_invariants" name="test_efficiency_invariants[2026-01-08-2026-02-07-31]" time="0.047"><failure message="AssertionError: {&quot;detail&quot;:&quot;Non authentifié&quot;}&#10;assert 401 == 200&#10; +  where 401 = &lt;Response [401]&gt;.status_code">E   AssertionError: {"detail":"Non authentifié"}
    assert 401 == 200
     +  where 401 = &lt;Response [401]&gt;.status_code</failure></testcase><testcase classname="tests.test_analyse_flotte_invariants" name="test_trends_7_days" time="0.046"><failure message="AssertionError: {&quot;detail&quot;:&quot;Non authentifié&quot;}&#10;assert 401 == 200&#10; +  where 401 = &lt;Response [401]&gt;.status_code">E   AssertionError: {"detail":"Non authentifié"}
    assert 401 == 200
     +  where 401 = &lt;Response [401]&gt;.status_code</failure></testcase><testcase classname="tests.test_auth_phase1.TestUnauthenticatedAccess" name="test_endpoint_requires_auth[/api/trackers]" time="0.108" /><testcase classname="tests.test_auth_phase1.TestUnauthenticatedAccess" name="test_endpoint_requires_auth[/api/fleet/stats?from_date=2026-06-01&amp;to_date=2026-06-07]" time="0.096" /><testcase classname="tests.test_auth_phase1.TestUnauthenticatedAccess" name="test_endpoint_requires_auth[/api/vehicles/admin]" time="0.111" /><testcase classname="tests.test_auth_phase1.TestUnauthenticatedAccess" name="test_endpoint_requires_auth[/api/flows]" time="0.106" /><testcase classname="tests.test_auth_phase1.TestUnauthenticatedAccess" name="test_endpoint_requires_auth[/api/config/fuel]" time="0.096" /><testcase classname="tests.test_auth_phase1.TestUnauthenticatedAccess" name="test_endpoint_requires_auth[/api/admin/clients]" time="0.097" /><testcase classname="tests.test_auth_phase1.TestUnauthenticatedAccess" name="test_endpoint_requires_auth[/api/debug/cache-stats]" time="0.098" /><testcase classname="tests.test_auth_phase1.TestUnauthenticatedAccess" name="test_endpoint_requires_auth[/api/auth/me]" time="0.102" /><testcase classname="tests.test_auth_phase1.TestPublicEndpoints" name="test_root" time="0.093" /><testcase classname="tests.test_auth_phase1.TestPublicEndpoints" name="test_client_info_no_leaks" time="0.096" /><testcase classname="tests.test_auth_phase1.TestAuthFlows" name="test_login_bad_password" time="0.340" /><testcase classname="tests.test_auth_phase1.TestAuthFlows" name="test_me_with_cookie" time="0.361" /><testcase classname="tests.test_auth_phase1.TestAuthFlows" name="test_refresh_renews_access" time="1.361" /><testcase classname="tests.test_auth_phase1.TestAuthFlows" name="test_logout_clears_cookies" time="0.524" /><testcase classname="tests.test_auth_phase1.TestAuthFlows" name="test_bearer_fallback" time="0.447" /><testcase classname="tests.test_auth_phase1.TestBruteForce" name="test_lockout_after_5_failures" time="0.640" /><testcase classname="tests.test_auth_phase1.TestSuperAdminEndpoints" name="test_admin_clients_no_navixy_hash" time="0.043" /><testcase classname="tests.test_auth_phase1.TestSuperAdminEndpoints" name="test_debug_cache_stats" time="0.042" /><testcase classname="tests.test_auth_phase1.TestBusinessNonRegression" name="test_trackers_12" time="0.423"><failure message="AssertionError: Expected 12 trackers, got 37&#10;assert 37 == 12&#10; +  where 37 = len([{'blocked': False, 'device_id': '864636065055804', 'group_id': 0, 'id': 2842570, ...}, {'blocked': False, 'device_id'...d': 0, 'id': 2880036, ...}, {'blocked': False, 'device_id': '863540062906525', 'group_id': 0, 'id': 2880038, ...}, ...])">E   AssertionError: Expected 12 trackers, got 37
    assert 37 == 12
     +  where 37 = len([{'blocked': False, 'device_id': '864636065055804', 'group_id': 0, 'id': 2842570, ...}, {'blocked': False, 'device_id'...d': 0, 'id': 2880036, ...}, {'blocked': False, 'device_id': '863540062906525', 'group_id': 0, 'id': 2880038, ...}, ...])</failure></testcase><testcase classname="tests.test_auth_phase1.TestBusinessNonRegression" name="test_fleet_stats" time="4.810" /><testcase classname="tests.test_auth_phase1.TestBusinessNonRegression" name="test_vehicles_admin" time="0.043" /><testcase classname="tests.test_auth_phase1.TestBusinessNonRegression" name="test_ecodriving" time="11.275" /><testcase classname="tests.test_auth_phase1.TestBusinessNonRegression" name="test_export_pdf" time="4.443" /><testcase classname="tests.test_auth_phase2_1.TestMustChangePassword" name="test_1_login_ok_flags_must_change" time="1.005" /><testcase classname="tests.test_auth_phase2_1.TestMustChangePassword" name="test_2_api_blocked_with_password_change_required" time="0.044" /><testcase classname="tests.test_auth_phase2_1.TestMustChangePassword" name="test_3_change_wrong_current_401" time="0.264" /><testcase classname="tests.test_auth_phase2_1.TestMustChangePassword" name="test_4_change_too_short_400" time="0.266" /><testcase classname="tests.test_auth_phase2_1.TestMustChangePassword" name="test_5_change_same_as_current_400" time="0.265" /><testcase classname="tests.test_auth_phase2_1.TestMustChangePassword" name="test_6_change_success" time="0.489" /><testcase classname="tests.test_auth_phase2_1.TestMustChangePassword" name="test_7_api_now_accessible" time="0.052" /><testcase classname="tests.test_auth_phase2_1.TestMustChangePassword" name="test_8_old_temp_password_rejected" time="0.320" /><testcase classname="tests.test_auth_phase2_1.TestMustChangePassword" name="test_9_login_with_new_password_ok" time="0.398" /><testcase classname="tests.test_auth_phase2_1.TestRefreshRotation" name="test_rotation_and_replay_revocation" time="0.935" /><testcase classname="tests.test_auth_phase2_1.TestRefreshRotation" name="test_sessions_store_only_hash" time="0.003" /><testcase classname="tests.test_auth_phase2_1.TestRefreshRotation" name="test_logout_revokes_refresh" time="0.500" /><testcase classname="tests.test_auth_phase2_1.TestImpersonation" name="test_1_header_without_session_403_invalid" time="0.120" /><testcase classname="tests.test_auth_phase2_1.TestImpersonation" name="test_2_start_then_beta_ok" time="0.124" /><testcase classname="tests.test_auth_phase2_1.TestImpersonation" name="test_3_cross_tenant_header_denied" time="0.082" /><testcase classname="tests.test_auth_phase2_1.TestImpersonation" name="test_4_end_then_header_denied" time="0.084" /><testcase classname="tests.test_auth_phase2_1.TestImpersonation" name="test_5_manager_role_header_ignored" time="0.368" /><testcase classname="tests.test_auth_phase2_1.TestImpersonation" name="test_6_expiration_60min" time="0.126" /><testcase classname="tests.test_auth_phase2_1.TestAuditLog" name="test_actions_present" time="0.001" /><testcase classname="tests.test_auth_phase2_1.TestAuditLog" name="test_no_secret_leak" time="0.004" /><testcase classname="tests.test_capabilities.TestCapabilitiesTechlift" name="test_techlift_37_records" time="0.406" /><testcase classname="tests.test_capabilities.TestCapabilitiesTechlift" name="test_techlift_capability_counts" time="0.056" /><testcase classname="tests.test_capabilities.TestCapabilitiesTechlift" name="test_techlift_value_schema" time="0.053" /><testcase classname="tests.test_capabilities.TestCapabilitiesTechlift" name="test_ev_keys_always_unavailable_techlift" time="0.059" /><testcase classname="tests.test_capabilities.TestCapabilitiesTechlift" name="test_individual_tracker_ok_and_404" time="0.147" /><testcase classname="tests.test_capabilities.TestCapabilitiesTechlift" name="test_cache_fast_second_call" time="0.106" /><testcase classname="tests.test_capabilities.TestCapabilitiesFlex" name="test_flex_52_records" time="0.107" /><testcase classname="tests.test_capabilities.TestCapabilitiesFlex" name="test_flex_zoe_unknown_no_ev" time="0.058" /><testcase classname="tests.test_capabilities.TestCapabilitiesFlex" name="test_flex_prius_dtc_stale_vin" time="0.064" /><testcase classname="tests.test_capabilities.TestCapabilitiesFlex" name="test_flex_porto_fuel_available" time="0.056" /><testcase classname="tests.test_capabilities.TestCapabilitiesFlex" name="test_flex_tigizirt_unverified" time="0.056" /><testcase classname="tests.test_capabilities.TestMultiTenantIsolation" name="test_beta_hash_fake_returns_clean_error" time="0.795" /><testcase classname="tests.test_capabilities.TestMultiTenantIsolation" name="test_beta_cannot_impersonate_via_header" time="0.402" /><testcase classname="tests.test_capabilities.TestFleetStats" name="test_data_status_present" time="15.688" /><testcase classname="tests.test_capabilities.TestFleetStats" name="test_vehicles_have_fuel_type_no_silent_zero" time="0.049" /><testcase classname="tests.test_capabilities.TestFleetStats" name="test_efficiency_data_status" time="12.762" /><testcase classname="tests.test_capabilities.TestExports" name="test_pdf" time="37.742" /><testcase classname="tests.test_capabilities.TestExports" name="test_csv" time="0.098" /><testcase classname="tests.test_drivers_ecodriving" name="test_top_level_shape" time="0.178"><error message="failed on setup with &quot;AssertionError: {&quot;detail&quot;:&quot;Non authentifié&quot;}&#10;assert 401 == 200&#10; +  where 401 = &lt;Response [401]&gt;.status_code&quot;">E   AssertionError: {"detail":"Non authentifié"}
    assert 401 == 200
     +  where 401 = &lt;Response [401]&gt;.status_code</error></testcase><testcase classname="tests.test_drivers_ecodriving" name="test_summary_counts" time="0.000"><error message="failed on setup with &quot;AssertionError: {&quot;detail&quot;:&quot;Non authentifié&quot;}&#10;assert 401 == 200&#10; +  where 401 = &lt;Response [401]&gt;.status_code&quot;">E   AssertionError: {"detail":"Non authentifié"}
    assert 401 == 200
     +  where 401 = &lt;Response [401]&gt;.status_code</error></testcase><testcase classname="tests.test_drivers_ecodriving" name="test_drivers_without_vehicle_are_null" time="0.000"><error message="failed on setup with &quot;AssertionError: {&quot;detail&quot;:&quot;Non authentifié&quot;}&#10;assert 401 == 200&#10; +  where 401 = &lt;Response [401]&gt;.status_code&quot;">E   AssertionError: {"detail":"Non authentifié"}
    assert 401 == 200
     +  where 401 = &lt;Response [401]&gt;.status_code</error></testcase><testcase classname="tests.test_drivers_ecodriving" name="test_orhan_full_payload" time="0.000"><error message="failed on setup with &quot;AssertionError: {&quot;detail&quot;:&quot;Non authentifié&quot;}&#10;assert 401 == 200&#10; +  where 401 = &lt;Response [401]&gt;.status_code&quot;">E   AssertionError: {"detail":"Non authentifié"}
    assert 401 == 200
     +  where 401 = &lt;Response [401]&gt;.status_code</error></testcase><testcase classname="tests.test_drivers_ecodriving" name="test_ivan_present" time="0.000"><error message="failed on setup with &quot;AssertionError: {&quot;detail&quot;:&quot;Non authentifié&quot;}&#10;assert 401 == 200&#10; +  where 401 = &lt;Response [401]&gt;.status_code&quot;">E   AssertionError: {"detail":"Non authentifié"}
    assert 401 == 200
     +  where 401 = &lt;Response [401]&gt;.status_code</error></testcase><testcase classname="tests.test_drivers_ecodriving" name="test_unassigned_vehicles_isolated" time="0.000"><error message="failed on setup with &quot;AssertionError: {&quot;detail&quot;:&quot;Non authentifié&quot;}&#10;assert 401 == 200&#10; +  where 401 = &lt;Response [401]&gt;.status_code&quot;">E   AssertionError: {"detail":"Non authentifié"}
    assert 401 == 200
     +  where 401 = &lt;Response [401]&gt;.status_code</error></testcase><testcase classname="tests.test_drivers_ecodriving" name="test_audit_shape" time="0.000"><error message="failed on setup with &quot;AssertionError: {&quot;detail&quot;:&quot;Non authentifié&quot;}&#10;assert 401 == 200&#10; +  where 401 = &lt;Response [401]&gt;.status_code&quot;">E   AssertionError: {"detail":"Non authentifié"}
    assert 401 == 200
     +  where 401 = &lt;Response [401]&gt;.status_code</error></testcase><testcase classname="tests.test_drivers_ecodriving" name="test_cache_hit_on_second_call" time="0.121"><failure message="assert 401 == 200&#10; +  where 401 = &lt;Response [401]&gt;.status_code">E   assert 401 == 200
     +  where 401 = &lt;Response [401]&gt;.status_code</failure></testcase><testcase classname="tests.test_drivers_ecodriving" name="test_sources_footer" time="0.000"><error message="failed on setup with &quot;AssertionError: {&quot;detail&quot;:&quot;Non authentifié&quot;}&#10;assert 401 == 200&#10; +  where 401 = &lt;Response [401]&gt;.status_code&quot;">E   AssertionError: {"detail":"Non authentifié"}
    assert 401 == 200
     +  where 401 = &lt;Response [401]&gt;.status_code</error></testcase><testcase classname="tests.test_garage_sync.TestGarageList" name="test_garage_list_structure" time="0.149"><failure message="AssertionError: {&quot;detail&quot;:&quot;Non authentifié&quot;}&#10;assert 401 == 200&#10; +  where 401 = &lt;Response [401]&gt;.status_code">E   AssertionError: {"detail":"Non authentifié"}
    assert 401 == 200
     +  where 401 = &lt;Response [401]&gt;.status_code</failure></testcase><testcase classname="tests.test_garage_sync.TestGarageList" name="test_audi_fields" time="0.102"><failure message="KeyError: 'linked'">E   KeyError: 'linked'</failure></testcase><testcase classname="tests.test_garage_sync.TestGaragePush" name="test_push_color_and_restore" time="0.101"><failure message="AssertionError: {&quot;detail&quot;:&quot;Non authentifié&quot;}&#10;assert 401 == 200&#10; +  where 401 = &lt;Response [401]&gt;.status_code">E   AssertionError: {"detail":"Non authentifié"}
    assert 401 == 200
     +  where 401 = &lt;Response [401]&gt;.status_code</failure></testcase><testcase classname="tests.test_garage_sync.TestGaragePush" name="test_empty_manufacture_year_does_not_crash" time="0.121"><failure message="AssertionError: {&quot;detail&quot;:&quot;Non authentifié&quot;}&#10;assert 401 == 200&#10; +  where 401 = &lt;Response [401]&gt;.status_code">E   AssertionError: {"detail":"Non authentifié"}
    assert 401 == 200
     +  where 401 = &lt;Response [401]&gt;.status_code</failure></testcase><testcase classname="tests.test_garage_sync.TestGaragePush" name="test_unknown_vehicle_id_returns_404" time="0.095"><failure message="AssertionError: {&quot;detail&quot;:&quot;Non authentifié&quot;}&#10;assert 401 == 404&#10; +  where 401 = &lt;Response [401]&gt;.status_code">E   AssertionError: {"detail":"Non authentifié"}
    assert 401 == 404
     +  where 401 = &lt;Response [401]&gt;.status_code</failure></testcase><testcase classname="tests.test_garage_sync.TestGaragePhoto" name="test_upload_photo_returns_avatar_url_and_image" time="0.109"><failure message="AssertionError: {&quot;detail&quot;:&quot;Non authentifié&quot;}&#10;assert 401 == 200&#10; +  where 401 = &lt;Response [401]&gt;.status_code">E   AssertionError: {"detail":"Non authentifié"}
    assert 401 == 200
     +  where 401 = &lt;Response [401]&gt;.status_code</failure></testcase><testcase classname="tests.test_groups_and_group_id" name="test_groups_endpoint" time="0.110"><failure message="AssertionError: {&quot;detail&quot;:&quot;Non authentifié&quot;}&#10;assert 401 == 200&#10; +  where 401 = &lt;Response [401]&gt;.status_code">E   AssertionError: {"detail":"Non authentifié"}
    assert 401 == 200
     +  where 401 = &lt;Response [401]&gt;.status_code</failure></testcase><testcase classname="tests.test_groups_and_group_id" name="test_efficiency_vehicles_have_group_id" time="0.118"><failure message="AssertionError: {&quot;detail&quot;:&quot;Non authentifié&quot;}&#10;assert 401 == 200&#10; +  where 401 = &lt;Response [401]&gt;.status_code">E   AssertionError: {"detail":"Non authentifié"}
    assert 401 == 200
     +  where 401 = &lt;Response [401]&gt;.status_code</failure></testcase><testcase classname="tests.test_groups_and_group_id" name="test_group_ids_are_valid_navixy_groups" time="0.127"><failure message="KeyError: 'groups'">E   KeyError: 'groups'</failure></testcase><testcase classname="tests.test_super_admin_phase2.TestRBAC" name="test_admin_forbidden_on_admin_clients" time="0.410" /><testcase classname="tests.test_super_admin_phase2.TestRBAC" name="test_admin_forbidden_on_admin_overview" time="0.044" /><testcase classname="tests.test_super_admin_phase2.TestRBAC" name="test_super_admin_overview_no_navixy_hash_leak" time="0.385" /><testcase classname="tests.test_super_admin_phase2.TestRBAC" name="test_super_admin_clients_list_no_hash" time="0.047" /><testcase classname="tests.test_super_admin_phase2.TestIsolation" name="test_act_as_header_ignored_for_non_super" time="0.047" /><testcase classname="tests.test_super_admin_phase2.TestIsolation" name="test_act_as_default_ignored_for_non_super" time="0.045" /><testcase classname="tests.test_super_admin_phase2.TestIsolation" name="test_idor_admin_alpha_cannot_read_beta_users" time="0.097" /><testcase classname="tests.test_super_admin_phase2.TestIsolation" name="test_flow_isolation_alpha_vs_beta" time="0.510" /><testcase classname="tests.test_super_admin_phase2.TestModules" name="test_alpha_carburant_403" time="0.044" /><testcase classname="tests.test_super_admin_phase2.TestModules" name="test_alpha_ecodriving_403" time="0.059" /><testcase classname="tests.test_super_admin_phase2.TestModules" name="test_alpha_export_403" time="0.045" /><testcase classname="tests.test_super_admin_phase2.TestModules" name="test_beta_fuel_ok" time="0.045" /><testcase classname="tests.test_super_admin_phase2.TestReadOnly" name="test_read_only_can_read" time="0.367" /><testcase classname="tests.test_super_admin_phase2.TestReadOnly" name="test_read_only_cannot_write_flows" time="0.083" /><testcase classname="tests.test_super_admin_phase2.TestReadOnly" name="test_read_only_cannot_delete" time="0.042" /><testcase classname="tests.test_super_admin_phase2.TestSuspension" name="test_suspend_and_reactivate_alpha" time="1.166" /><testcase classname="tests.test_super_admin_phase2.TestSuspension" name="test_default_tenant_cannot_be_suspended" time="0.052" /><testcase classname="tests.test_super_admin_phase2.TestWizard" name="test_navixy_test_with_bad_hash" time="0.427" /><testcase classname="tests.test_super_admin_phase2.TestWizard" name="test_navixy_test_empty_hash_400" time="0.056" /><testcase classname="tests.test_super_admin_phase2.TestWizard" name="test_create_client_subdomain_conflict" time="0.054" /><testcase classname="tests.test_super_admin_phase2.TestWizard" name="test_create_user_with_super_admin_role_rejected" time="0.050" /><testcase classname="tests.test_super_admin_phase2.TestWizard" name="test_create_client_invalid_module" time="0.052" /><testcase classname="tests.test_super_admin_phase2.TestImpersonation" name="test_start_end_and_log" time="0.219" /><testcase classname="tests.test_super_admin_phase2.TestImpersonation" name="test_start_unknown_tenant_404" time="0.047" /><testcase classname="tests.test_super_admin_phase2.TestNonRegression" name="test_tenant_context_default" time="0.048" /><testcase classname="tests.test_super_admin_phase2.TestNonRegression" name="test_fleet_stats_ok" time="2.781" /><testcase classname="tests.test_super_admin_phase2.TestNonRegression" name="test_ecodriving_ok" time="4.744" /><testcase classname="tests.test_super_admin_phase2.TestNonRegression" name="test_vehicles_admin_ok" time="0.049" /><testcase classname="tests.test_super_admin_phase2.TestNonRegression" name="test_export_pdf_signature" time="2.814" /><testcase classname="tests.test_vehicle_admin.TestListAndSections" name="test_list_ok" time="0.177"><failure message="AssertionError: {&quot;detail&quot;:&quot;Non authentifié&quot;}&#10;assert 401 == 200&#10; +  where 401 = &lt;Response [401]&gt;.status_code">E   AssertionError: {"detail":"Non authentifié"}
    assert 401 == 200
     +  where 401 = &lt;Response [401]&gt;.status_code</failure></testcase><testcase classname="tests.test_vehicle_admin.TestListAndSections" name="test_put_general_upserts_and_persists" time="0.043"><failure message="AssertionError: {&quot;detail&quot;:&quot;Non authentifié&quot;}&#10;assert 401 == 200&#10; +  where 401 = &lt;Response [401]&gt;.status_code">E   AssertionError: {"detail":"Non authentifié"}
    assert 401 == 200
     +  where 401 = &lt;Response [401]&gt;.status_code</failure></testcase><testcase classname="tests.test_vehicle_admin.TestListAndSections" name="test_put_leasing_and_assurance" time="0.043"><failure message="assert 401 == 200&#10; +  where 401 = &lt;Response [401]&gt;.status_code">E   assert 401 == 200
     +  where 401 = &lt;Response [401]&gt;.status_code</failure></testcase><testcase classname="tests.test_vehicle_admin.TestListAndSections" name="test_invalid_section_400" time="0.044"><failure message="assert 401 == 400&#10; +  where 401 = &lt;Response [401]&gt;.status_code">E   assert 401 == 400
     +  where 401 = &lt;Response [401]&gt;.status_code</failure></testcase><testcase classname="tests.test_vehicle_admin.TestControles" name="test_controle_full_lifecycle" time="0.044"><failure message="assert 401 == 200&#10; +  where 401 = &lt;Response [401]&gt;.status_code">E   assert 401 == 200
     +  where 401 = &lt;Response [401]&gt;.status_code</failure></testcase><testcase classname="tests.test_vehicle_admin.TestEtat" name="test_etat_add_and_delete" time="0.041"><failure message="assert 401 == 200&#10; +  where 401 = &lt;Response [401]&gt;.status_code">E   assert 401 == 200
     +  where 401 = &lt;Response [401]&gt;.status_code</failure></testcase><testcase classname="tests.test_vehicle_admin.TestDocuments" name="test_document_upload_download_delete" time="0.045"><failure message="AssertionError: {&quot;detail&quot;:&quot;Non authentifié&quot;}&#10;assert 401 == 200&#10; +  where 401 = &lt;Response [401]&gt;.status_code">E   AssertionError: {"detail":"Non authentifié"}
    assert 401 == 200
     +  where 401 = &lt;Response [401]&gt;.status_code</failure></testcase><testcase classname="tests.test_vehicle_admin.TestDocuments" name="test_document_too_large_413" time="0.703"><failure message="AssertionError: expected 413, got 401: {&quot;detail&quot;:&quot;Non authentifié&quot;}&#10;assert 401 == 413&#10; +  where 401 = &lt;Response [401]&gt;.status_code">E   AssertionError: expected 413, got 401: {"detail":"Non authentifié"}
    assert 401 == 413
     +  where 401 = &lt;Response [401]&gt;.status_code</failure></testcase><testcase classname="tests.test_vehicle_admin.TestZZCleanup" name="test_reset_sections_and_purge_test_data" time="0.082"><failure message="assert 401 == 200&#10; +  where 401 = &lt;Response [401]&gt;.status_code">E   assert 401 == 200
     +  where 401 = &lt;Response [401]&gt;.status_code</failure></testcase></testsuite></testsuites>