<?xml version="1.0" encoding="utf-8"?><testsuites name="pytest tests"><testsuite name="pytest" errors="0" failures="0" skipped="0" tests="9" time="8.888" timestamp="2026-08-07T13:50:57.113441+00:00" hostname="agent-env-d70b155c-6ab7-4c31-9882-4347c6a7cb10"><testcase classname="tests.test_drivers_ecodriving" name="test_top_level_shape" time="8.604" /><testcase classname="tests.test_drivers_ecodriving" name="test_summary_counts" time="0.000" /><testcase classname="tests.test_drivers_ecodriving" name="test_drivers_without_vehicle_are_null" time="0.000" /><testcase classname="tests.test_drivers_ecodriving" name="test_orhan_full_payload" time="0.000" /><testcase classname="tests.test_drivers_ecodriving" name="test_ivan_present" time="0.000" /><testcase classname="tests.test_drivers_ecodriving" name="test_unassigned_vehicles_isolated" time="0.000" /><testcase classname="tests.test_drivers_ecodriving" name="test_audit_shape" time="0.000" /><testcase classname="tests.test_drivers_ecodriving" name="test_cache_hit_on_second_call" time="0.092" /><testcase classname="tests.test_drivers_ecodriving" name="test_sources_footer" time="0.000" /></testsuite></testsuites>