<?xml version="1.0" encoding="utf-8"?><testsuites name="pytest tests"><testsuite name="pytest" errors="0" failures="0" skipped="0" tests="4" time="10.893" timestamp="2026-08-07T09:59:23.640689+00:00" hostname="agent-env-d70b155c-6ab7-4c31-9882-4347c6a7cb10"><testcase classname="backend.tests.test_analyse_flotte_invariants" name="test_efficiency_invariants[2026-02-01-2026-02-07-7]" time="2.307" /><testcase classname="backend.tests.test_analyse_flotte_invariants" name="test_efficiency_invariants[2026-02-07-2026-02-07-1]" time="1.218" /><testcase classname="backend.tests.test_analyse_flotte_invariants" name="test_efficiency_invariants[2026-01-08-2026-02-07-31]" time="5.618" /><testcase classname="backend.tests.test_analyse_flotte_invariants" name="test_trends_7_days" time="1.673" /></testsuite></testsuites>