<?xml version="1.0" encoding="utf-8"?><testsuites name="pytest tests"><testsuite name="pytest" errors="8" failures="39" skipped="0" tests="171" time="70.289" timestamp="2026-08-13T14:37:49.001302+00:00" hostname="agent-env-d70b155c-6ab7-4c31-9882-4347c6a7cb10"><testcase classname="backend.tests.backend_test" name="test_root_engine_version" time="0.201" /><testcase classname="backend.tests.backend_test" name="test_fleet_stats_audit_and_real_data" time="0.074"><failure message="AssertionError: {&quot;detail&quot;:&quot;Non authentifié&quot;}&#10;assert 401 == 200&#10; +  where 401 = &lt;Response [401]&gt;.status_code">backend/tests/backend_test.py:55: in test_fleet_stats_audit_and_real_data
    assert r.status_code == 200, r.text
E   AssertionError: {"detail":"Non authentifié"}
E   assert 401 == 200
E    +  where 401 = &lt;Response [401]&gt;.status_code</failure></testcase><testcase classname="backend.tests.backend_test" name="test_trends_real_and_null_fields" time="0.056"><failure message="AssertionError: {&quot;detail&quot;:&quot;Non authentifié&quot;}&#10;assert 401 == 200&#10; +  where 401 = &lt;Response [401]&gt;.status_code">backend/tests/backend_test.py:70: in test_trends_real_and_null_fields
    assert r.status_code == 200, r.text
E   AssertionError: {"detail":"Non authentifié"}
E   assert 401 == 200
E    +  where 401 = &lt;Response [401]&gt;.status_code</failure></testcase><testcase classname="backend.tests.backend_test" name="test_vehicle_comparison" time="0.056"><failure message="AssertionError: {&quot;detail&quot;:&quot;Non authentifié&quot;}&#10;assert 401 == 200&#10; +  where 401 = &lt;Response [401]&gt;.status_code">backend/tests/backend_test.py:89: in test_vehicle_comparison
    assert r.status_code == 200, r.text
E   AssertionError: {"detail":"Non authentifié"}
E   assert 401 == 200
E    +  where 401 = &lt;Response [401]&gt;.status_code</failure></testcase><testcase classname="backend.tests.backend_test" name="test_fleet_efficiency" time="0.056"><failure message="AssertionError: {&quot;detail&quot;:&quot;Non authentifié&quot;}&#10;assert 401 == 200&#10; +  where 401 = &lt;Response [401]&gt;.status_code">backend/tests/backend_test.py:105: in test_fleet_efficiency
    assert r.status_code == 200, r.text
E   AssertionError: {"detail":"Non authentifié"}
E   assert 401 == 200
E    +  where 401 = &lt;Response [401]&gt;.status_code</failure></testcase><testcase classname="backend.tests.backend_test" name="test_fuel_config_default" time="0.059"><failure message="AssertionError: {&quot;detail&quot;:&quot;Non authentifié&quot;}&#10;assert 401 == 200&#10; +  where 401 = &lt;Response [401]&gt;.status_code">backend/tests/backend_test.py:119: in test_fuel_config_default
    assert r.status_code == 200, r.text
E   AssertionError: {"detail":"Non authentifié"}
E   assert 401 == 200
E    +  where 401 = &lt;Response [401]&gt;.status_code</failure></testcase><testcase classname="backend.tests.backend_test" name="test_fuel_config_put_and_fleet_stats_have_fuel" time="0.056"><failure message="AssertionError: {&quot;detail&quot;:&quot;Non authentifié&quot;}&#10;assert 401 == 200&#10; +  where 401 = &lt;Response [401]&gt;.status_code">backend/tests/backend_test.py:129: in test_fuel_config_put_and_fleet_stats_have_fuel
    assert r.status_code == 200, r.text
E   AssertionError: {"detail":"Non authentifié"}
E   assert 401 == 200
E    +  where 401 = &lt;Response [401]&gt;.status_code</failure></testcase><testcase classname="backend.tests.backend_test" name="test_fuel_config_reset_null" time="0.047"><failure message="assert 401 == 200&#10; +  where 401 = &lt;Response [401]&gt;.status_code">backend/tests/backend_test.py:152: in test_fuel_config_reset_null
    assert r.status_code == 200
E   assert 401 == 200
E    +  where 401 = &lt;Response [401]&gt;.status_code</failure></testcase><testcase classname="backend.tests.backend_test" name="test_audit_compare" time="0.052"><failure message="AssertionError: {&quot;detail&quot;:&quot;Non authentifié&quot;}&#10;assert 401 == 200&#10; +  where 401 = &lt;Response [401]&gt;.status_code">backend/tests/backend_test.py:172: in test_audit_compare
    assert r.status_code == 200, r.text
E   AssertionError: {"detail":"Non authentifié"}
E   assert 401 == 200
E    +  where 401 = &lt;Response [401]&gt;.status_code</failure></testcase><testcase classname="backend.tests.backend_test" name="test_export_pdf" time="0.058"><failure message="AssertionError: {&quot;detail&quot;:&quot;Non authentifié&quot;}&#10;assert 401 == 200&#10; +  where 401 = &lt;Response [401]&gt;.status_code">backend/tests/backend_test.py:195: in test_export_pdf
    assert r.status_code == 200, r.text
E   AssertionError: {"detail":"Non authentifié"}
E   assert 401 == 200
E    +  where 401 = &lt;Response [401]&gt;.status_code</failure></testcase><testcase classname="backend.tests.backend_test" name="test_idle_by_group" time="0.062"><failure message="AssertionError: {&quot;detail&quot;:&quot;Non authentifié&quot;}&#10;assert 401 == 200&#10; +  where 401 = &lt;Response [401]&gt;.status_code">backend/tests/backend_test.py:206: in test_idle_by_group
    assert r.status_code == 200, r.text
E   AssertionError: {"detail":"Non authentifié"}
E   assert 401 == 200
E    +  where 401 = &lt;Response [401]&gt;.status_code</failure></testcase><testcase classname="backend.tests.backend_test" name="test_driver_report" time="0.062"><failure message="AssertionError: {&quot;detail&quot;:&quot;Non authentifié&quot;}&#10;assert 401 == 200&#10; +  where 401 = &lt;Response [401]&gt;.status_code">backend/tests/backend_test.py:216: in test_driver_report
    assert r.status_code == 200, r.text
E   AssertionError: {"detail":"Non authentifié"}
E   assert 401 == 200
E    +  where 401 = &lt;Response [401]&gt;.status_code</failure></testcase><testcase classname="backend.tests.backend_test" name="test_fleet_stats_has_total_mileage" time="0.218"><failure message="AssertionError: assert 'total_mileage' in {}">backend/tests/backend_test.py:243: in test_fleet_stats_has_total_mileage
    assert "total_mileage" in summary
E   AssertionError: assert 'total_mileage' in {}</failure></testcase><testcase classname="backend.tests.backend_test" name="test_vehicle_comparison_sum_matches_fleet_stats" time="0.000" /><testcase classname="backend.tests.backend_test" name="test_trends_summary_matches_fleet_stats" time="0.000" /><testcase classname="backend.tests.backend_test" name="test_efficiency_sum_matches_fleet_stats" time="0.000" /><testcase classname="backend.tests.backend_test" name="test_efficiency_enriched_summary_and_categories" time="0.000"><failure message="AssertionError: active_day_threshold_km should be 1.0, got None&#10;assert None == 1.0&#10; +  where None = &lt;built-in method get of dict object at 0xffe28c029dc0&gt;('active_day_threshold_km')&#10; +    where &lt;built-in method get of dict object at 0xffe28c029dc0&gt; = {'detail': 'Non authentifié'}.get">backend/tests/backend_test.py:279: in test_efficiency_enriched_summary_and_categories
    assert eff.get("active_day_threshold_km") == 1.0, \
E   AssertionError: active_day_threshold_km should be 1.0, got None
E   assert None == 1.0
E    +  where None = &lt;built-in method get of dict object at 0xffe28c029dc0&gt;('active_day_threshold_km')
E    +    where &lt;built-in method get of dict object at 0xffe28c029dc0&gt; = {'detail': 'Non authentifié'}.get</failure></testcase><testcase classname="backend.tests.backend_test" name="test_efficiency_vehicle_daily_breakdown_and_category" time="0.000"><failure message="assert 0 &gt; 0&#10; +  where 0 = len([])">backend/tests/backend_test.py:298: in test_efficiency_vehicle_daily_breakdown_and_category
    assert len(vehicles) &gt; 0
E   assert 0 &gt; 0
E    +  where 0 = len([])</failure></testcase><testcase classname="backend.tests.backend_test" name="test_efficiency_category_thresholds" time="0.000" /><testcase classname="backend.tests.backend_test" name="test_vehicle_comparison_has_active_days_not_7d" time="0.004"><failure message="assert 0 &gt; 0&#10; +  where 0 = len([])">backend/tests/backend_test.py:339: in test_vehicle_comparison_has_active_days_not_7d
    assert len(vehicles) &gt; 0
E   assert 0 &gt; 0
E    +  where 0 = len([])</failure></testcase><testcase classname="backend.tests.test_access_link.TestAccessLinkEdit" name="test_create_edit_link" time="0.468" /><testcase classname="backend.tests.test_access_link.TestAccessLinkEdit" name="test_public_access_302_sets_cookies" time="0.110" /><testcase classname="backend.tests.test_access_link.TestAccessLinkEdit" name="test_me_returns_manager_via_link" time="0.053" /><testcase classname="backend.tests.test_access_link.TestAccessLinkEdit" name="test_link_session_can_read_flows" time="0.061" /><testcase classname="backend.tests.test_access_link.TestAccessLinkEdit" name="test_link_session_admin_endpoint_forbidden" time="0.060" /><testcase classname="backend.tests.test_access_link.TestAccessLinkEdit" name="test_link_session_tenant_context" time="0.057" /><testcase classname="backend.tests.test_access_link.TestAccessLinkEdit" name="test_link_session_ignores_act_as_header" time="0.059" /><testcase classname="backend.tests.test_access_link.TestAccessLinkEdit" name="test_link_session_change_password_forbidden" time="0.051" /><testcase classname="backend.tests.test_access_link.TestAccessLinkEdit" name="test_link_session_can_create_flow" time="0.151" /><testcase classname="backend.tests.test_access_link.TestAccessLinkEdit" name="test_link_session_csrf_cross_origin_blocked" time="0.003" /><testcase classname="backend.tests.test_access_link.TestAccessLinkEdit" name="test_link_session_same_origin_post_allowed" time="0.124" /><testcase classname="backend.tests.test_access_link.TestAccessLinkEdit" name="test_link_session_refresh_ok" time="0.059" /><testcase classname="backend.tests.test_access_link.TestAccessLinkEdit" name="test_cleanup_flow" time="0.056" /><testcase classname="backend.tests.test_access_link.TestAccessLinkRead" name="test_create_read_link_and_use" time="0.181" /><testcase classname="backend.tests.test_access_link.TestAccessLinkRead" name="test_read_link_role" time="0.057" /><testcase classname="backend.tests.test_access_link.TestAccessLinkRead" name="test_read_link_get_ok" time="0.047" /><testcase classname="backend.tests.test_access_link.TestAccessLinkRead" name="test_read_link_post_forbidden" time="0.073" /><testcase classname="backend.tests.test_access_link.TestAccessLinkRevocation" name="test_revoke_link" time="0.060" /><testcase classname="backend.tests.test_access_link.TestAccessLinkRevocation" name="test_existing_session_401_after_revoke" time="0.047" /><testcase classname="backend.tests.test_access_link.TestAccessLinkRevocation" name="test_reuse_revoked_token_redirects_invalid" time="0.119" /><testcase classname="backend.tests.test_access_link.TestAccessLinkRevocation" name="test_refresh_after_revoke_401" time="0.050" /><testcase classname="backend.tests.test_access_link.TestAccessLinkSecurity" name="test_bogus_token_redirects_invalid" time="0.112" /><testcase classname="backend.tests.test_access_link.TestAccessLinkSecurity" name="test_suspended_client_link_forbidden" time="0.462" /><testcase classname="backend.tests.test_access_link" name="test_mongo_token_hash_only" time="0.004" /><testcase classname="backend.tests.test_access_link" name="test_audit_log_contains_events" time="0.003" /><testcase classname="backend.tests.test_access_link.TestNonRegression" name="test_super_admin_login" time="0.879" /><testcase classname="backend.tests.test_access_link.TestNonRegression" name="test_super_admin_overview" time="0.581" /><testcase classname="backend.tests.test_access_link.TestNonRegression" name="test_beta_admin_can_still_login" time="0.383" /><testcase classname="backend.tests.test_access_link.TestNonRegression" name="test_alpha_still_active_at_end" time="0.059" /><testcase classname="backend.tests.test_access_link.TestNonRegression" name="test_beta_still_active_at_end" time="0.060" /><testcase classname="backend.tests.test_analyse_flotte_invariants" name="test_efficiency_invariants[2026-02-01-2026-02-07-7]" time="0.112"><failure message="AssertionError: {&quot;detail&quot;:&quot;Non authentifié&quot;}&#10;assert 401 == 200&#10; +  where 401 = &lt;Response [401]&gt;.status_code">backend/tests/test_analyse_flotte_invariants.py:31: in test_efficiency_invariants
    data = _get_eff(api, from_d, to_d)
           ^^^^^^^^^^^^^^^^^^^^^^^^^^^
backend/tests/test_analyse_flotte_invariants.py:21: in _get_eff
    assert r.status_code == 200, r.text
E   AssertionError: {"detail":"Non authentifié"}
E   assert 401 == 200
E    +  where 401 = &lt;Response [401]&gt;.status_code</failure></testcase><testcase classname="backend.tests.test_analyse_flotte_invariants" name="test_efficiency_invariants[2026-02-07-2026-02-07-1]" time="0.056"><failure message="AssertionError: {&quot;detail&quot;:&quot;Non authentifié&quot;}&#10;assert 401 == 200&#10; +  where 401 = &lt;Response [401]&gt;.status_code">backend/tests/test_analyse_flotte_invariants.py:31: in test_efficiency_invariants
    data = _get_eff(api, from_d, to_d)
           ^^^^^^^^^^^^^^^^^^^^^^^^^^^
backend/tests/test_analyse_flotte_invariants.py:21: in _get_eff
    assert r.status_code == 200, r.text
E   AssertionError: {"detail":"Non authentifié"}
E   assert 401 == 200
E    +  where 401 = &lt;Response [401]&gt;.status_code</failure></testcase><testcase classname="backend.tests.test_analyse_flotte_invariants" name="test_efficiency_invariants[2026-01-08-2026-02-07-31]" time="0.057"><failure message="AssertionError: {&quot;detail&quot;:&quot;Non authentifié&quot;}&#10;assert 401 == 200&#10; +  where 401 = &lt;Response [401]&gt;.status_code">backend/tests/test_analyse_flotte_invariants.py:31: in test_efficiency_invariants
    data = _get_eff(api, from_d, to_d)
           ^^^^^^^^^^^^^^^^^^^^^^^^^^^
backend/tests/test_analyse_flotte_invariants.py:21: in _get_eff
    assert r.status_code == 200, r.text
E   AssertionError: {"detail":"Non authentifié"}
E   assert 401 == 200
E    +  where 401 = &lt;Response [401]&gt;.status_code</failure></testcase><testcase classname="backend.tests.test_analyse_flotte_invariants" name="test_trends_7_days" time="0.058"><failure message="AssertionError: {&quot;detail&quot;:&quot;Non authentifié&quot;}&#10;assert 401 == 200&#10; +  where 401 = &lt;Response [401]&gt;.status_code">backend/tests/test_analyse_flotte_invariants.py:60: in test_trends_7_days
    assert r.status_code == 200, r.text
E   AssertionError: {"detail":"Non authentifié"}
E   assert 401 == 200
E    +  where 401 = &lt;Response [401]&gt;.status_code</failure></testcase><testcase classname="backend.tests.test_auth_phase1.TestUnauthenticatedAccess" name="test_endpoint_requires_auth[/api/trackers]" time="0.387" /><testcase classname="backend.tests.test_auth_phase1.TestUnauthenticatedAccess" name="test_endpoint_requires_auth[/api/fleet/stats?from_date=2026-06-01&amp;to_date=2026-06-07]" time="0.216" /><testcase classname="backend.tests.test_auth_phase1.TestUnauthenticatedAccess" name="test_endpoint_requires_auth[/api/vehicles/admin]" time="0.132" /><testcase classname="backend.tests.test_auth_phase1.TestUnauthenticatedAccess" name="test_endpoint_requires_auth[/api/flows]" time="0.139" /><testcase classname="backend.tests.test_auth_phase1.TestUnauthenticatedAccess" name="test_endpoint_requires_auth[/api/config/fuel]" time="0.284" /><testcase classname="backend.tests.test_auth_phase1.TestUnauthenticatedAccess" name="test_endpoint_requires_auth[/api/admin/clients]" time="0.116" /><testcase classname="backend.tests.test_auth_phase1.TestUnauthenticatedAccess" name="test_endpoint_requires_auth[/api/debug/cache-stats]" time="0.103" /><testcase classname="backend.tests.test_auth_phase1.TestUnauthenticatedAccess" name="test_endpoint_requires_auth[/api/auth/me]" time="0.119" /><testcase classname="backend.tests.test_auth_phase1.TestPublicEndpoints" name="test_root" time="0.124" /><testcase classname="backend.tests.test_auth_phase1.TestPublicEndpoints" name="test_client_info_no_leaks" time="0.130" /><testcase classname="backend.tests.test_auth_phase1.TestAuthFlows" name="test_login_bad_password" time="0.376" /><testcase classname="backend.tests.test_auth_phase1.TestAuthFlows" name="test_me_with_cookie" time="0.410" /><testcase classname="backend.tests.test_auth_phase1.TestAuthFlows" name="test_refresh_renews_access" time="1.808" /><testcase classname="backend.tests.test_auth_phase1.TestAuthFlows" name="test_logout_clears_cookies" time="0.563" /><testcase classname="backend.tests.test_auth_phase1.TestAuthFlows" name="test_bearer_fallback" time="0.602" /><testcase classname="backend.tests.test_auth_phase1.TestBruteForce" name="test_lockout_after_5_failures" time="0.762" /><testcase classname="backend.tests.test_auth_phase1.TestSuperAdminEndpoints" name="test_admin_clients_no_navixy_hash" time="0.065" /><testcase classname="backend.tests.test_auth_phase1.TestSuperAdminEndpoints" name="test_debug_cache_stats" time="0.065" /><testcase classname="backend.tests.test_auth_phase1.TestBusinessNonRegression" name="test_trackers_12" time="0.681"><failure message="AssertionError: Expected 12 trackers, got 37&#10;assert 37 == 12&#10; +  where 37 = len([{'blocked': False, 'device_id': '864636065055804', 'group_id': 0, 'id': 2842570, ...}, {'blocked': False, 'device_id': '863540062439808', 'group_id': 0, 'id': 2842571, ...}, {'blocked': False, 'device_id': '863540063014626', 'group_id': 169142, 'id': 2842573, ...}, {'blocked': False, 'device_id': '863540062469326', 'group_id': 0, 'id': 2842575, ...}, {'blocked': False, 'device_id': '863540062911301', 'group_id': 0, 'id': 2880036, ...}, {'blocked': False, 'device_id': '863540062906525', 'group_id': 0, 'id': 2880038, ...}, ...])">backend/tests/test_auth_phase1.py:168: in test_trackers_12
    assert len(lst) == 12, f"Expected 12 trackers, got {len(lst)}"
E   AssertionError: Expected 12 trackers, got 37
E   assert 37 == 12
E    +  where 37 = len([{'blocked': False, 'device_id': '864636065055804', 'group_id': 0, 'id': 2842570, ...}, {'blocked': False, 'device_id': '863540062439808', 'group_id': 0, 'id': 2842571, ...}, {'blocked': False, 'device_id': '863540063014626', 'group_id': 169142, 'id': 2842573, ...}, {'blocked': False, 'device_id': '863540062469326', 'group_id': 0, 'id': 2842575, ...}, {'blocked': False, 'device_id': '863540062911301', 'group_id': 0, 'id': 2880036, ...}, {'blocked': False, 'device_id': '863540062906525', 'group_id': 0, 'id': 2880038, ...}, ...])</failure></testcase><testcase classname="backend.tests.test_auth_phase1.TestBusinessNonRegression" name="test_fleet_stats" time="0.076" /><testcase classname="backend.tests.test_auth_phase1.TestBusinessNonRegression" name="test_vehicles_admin" time="0.069" /><testcase classname="backend.tests.test_auth_phase1.TestBusinessNonRegression" name="test_ecodriving" time="0.088" /><testcase classname="backend.tests.test_auth_phase1.TestBusinessNonRegression" name="test_export_pdf" time="0.541" /><testcase classname="backend.tests.test_auth_phase2_1.TestMustChangePassword" name="test_1_login_ok_flags_must_change" time="1.026" /><testcase classname="backend.tests.test_auth_phase2_1.TestMustChangePassword" name="test_2_api_blocked_with_password_change_required" time="0.050" /><testcase classname="backend.tests.test_auth_phase2_1.TestMustChangePassword" name="test_3_change_wrong_current_401" time="0.284" /><testcase classname="backend.tests.test_auth_phase2_1.TestMustChangePassword" name="test_4_change_too_short_400" time="0.273" /><testcase classname="backend.tests.test_auth_phase2_1.TestMustChangePassword" name="test_5_change_same_as_current_400" time="0.273" /><testcase classname="backend.tests.test_auth_phase2_1.TestMustChangePassword" name="test_6_change_success" time="0.491" /><testcase classname="backend.tests.test_auth_phase2_1.TestMustChangePassword" name="test_7_api_now_accessible" time="0.046" /><testcase classname="backend.tests.test_auth_phase2_1.TestMustChangePassword" name="test_8_old_temp_password_rejected" time="0.364" /><testcase classname="backend.tests.test_auth_phase2_1.TestMustChangePassword" name="test_9_login_with_new_password_ok" time="0.419" /><testcase classname="backend.tests.test_auth_phase2_1.TestRefreshRotation" name="test_rotation_and_replay_revocation" time="1.065" /><testcase classname="backend.tests.test_auth_phase2_1.TestRefreshRotation" name="test_sessions_store_only_hash" time="0.003" /><testcase classname="backend.tests.test_auth_phase2_1.TestRefreshRotation" name="test_logout_revokes_refresh" time="0.534" /><testcase classname="backend.tests.test_auth_phase2_1.TestImpersonation" name="test_1_header_without_session_403_invalid" time="0.100" /><testcase classname="backend.tests.test_auth_phase2_1.TestImpersonation" name="test_2_start_then_beta_ok" time="0.112" /><testcase classname="backend.tests.test_auth_phase2_1.TestImpersonation" name="test_3_cross_tenant_header_denied" time="0.058" /><testcase classname="backend.tests.test_auth_phase2_1.TestImpersonation" name="test_4_end_then_header_denied" time="0.108" /><testcase classname="backend.tests.test_auth_phase2_1.TestImpersonation" name="test_5_manager_role_header_ignored" time="7.614" /><testcase classname="backend.tests.test_auth_phase2_1.TestImpersonation" name="test_6_expiration_60min" time="0.113" /><testcase classname="backend.tests.test_auth_phase2_1.TestAuditLog" name="test_actions_present" time="0.001" /><testcase classname="backend.tests.test_auth_phase2_1.TestAuditLog" name="test_no_secret_leak" time="0.004" /><testcase classname="backend.tests.test_capabilities.TestCapabilitiesTechlift" name="test_techlift_37_records" time="0.477" /><testcase classname="backend.tests.test_capabilities.TestCapabilitiesTechlift" name="test_techlift_capability_counts" time="0.074" /><testcase classname="backend.tests.test_capabilities.TestCapabilitiesTechlift" name="test_techlift_value_schema" time="0.075" /><testcase classname="backend.tests.test_capabilities.TestCapabilitiesTechlift" name="test_ev_keys_always_unavailable_techlift" time="0.075" /><testcase classname="backend.tests.test_capabilities.TestCapabilitiesTechlift" name="test_individual_tracker_ok_and_404" time="0.197" /><testcase classname="backend.tests.test_capabilities.TestCapabilitiesTechlift" name="test_cache_fast_second_call" time="0.152" /><testcase classname="backend.tests.test_capabilities.TestCapabilitiesFlex" name="test_flex_52_records" time="0.141" /><testcase classname="backend.tests.test_capabilities.TestCapabilitiesFlex" name="test_flex_zoe_unknown_no_ev" time="0.080" /><testcase classname="backend.tests.test_capabilities.TestCapabilitiesFlex" name="test_flex_prius_dtc_stale_vin" time="0.082" /><testcase classname="backend.tests.test_capabilities.TestCapabilitiesFlex" name="test_flex_porto_fuel_available" time="0.080" /><testcase classname="backend.tests.test_capabilities.TestCapabilitiesFlex" name="test_flex_tigizirt_unverified" time="0.077" /><testcase classname="backend.tests.test_capabilities.TestMultiTenantIsolation" name="test_beta_hash_fake_returns_clean_error" time="1.055" /><testcase classname="backend.tests.test_capabilities.TestMultiTenantIsolation" name="test_beta_cannot_impersonate_via_header" time="0.690" /><testcase classname="backend.tests.test_capabilities.TestFleetStats" name="test_data_status_present" time="0.069" /><testcase classname="backend.tests.test_capabilities.TestFleetStats" name="test_vehicles_have_fuel_type_no_silent_zero" time="0.066" /><testcase classname="backend.tests.test_capabilities.TestFleetStats" name="test_efficiency_data_status" time="0.080" /><testcase classname="backend.tests.test_capabilities.TestExports" name="test_pdf" time="28.687" /><testcase classname="backend.tests.test_capabilities.TestExports" name="test_csv" time="0.540" /><testcase classname="backend.tests.test_drivers_ecodriving" name="test_top_level_shape" time="0.134"><error message="failed on setup with &quot;AssertionError: {&quot;detail&quot;:&quot;Non authentifié&quot;}&#10;assert 401 == 200&#10; +  where 401 = &lt;Response [401]&gt;.status_code&quot;">backend/tests/test_drivers_ecodriving.py:28: in eco
    assert r.status_code == 200, r.text
E   AssertionError: {"detail":"Non authentifié"}
E   assert 401 == 200
E    +  where 401 = &lt;Response [401]&gt;.status_code</error></testcase><testcase classname="backend.tests.test_drivers_ecodriving" name="test_summary_counts" time="0.000"><error message="failed on setup with &quot;AssertionError: {&quot;detail&quot;:&quot;Non authentifié&quot;}&#10;assert 401 == 200&#10; +  where 401 = &lt;Response [401]&gt;.status_code&quot;">backend/tests/test_drivers_ecodriving.py:28: in eco
    assert r.status_code == 200, r.text
E   AssertionError: {"detail":"Non authentifié"}
E   assert 401 == 200
E    +  where 401 = &lt;Response [401]&gt;.status_code</error></testcase><testcase classname="backend.tests.test_drivers_ecodriving" name="test_drivers_without_vehicle_are_null" time="0.000"><error message="failed on setup with &quot;AssertionError: {&quot;detail&quot;:&quot;Non authentifié&quot;}&#10;assert 401 == 200&#10; +  where 401 = &lt;Response [401]&gt;.status_code&quot;">backend/tests/test_drivers_ecodriving.py:28: in eco
    assert r.status_code == 200, r.text
E   AssertionError: {"detail":"Non authentifié"}
E   assert 401 == 200
E    +  where 401 = &lt;Response [401]&gt;.status_code</error></testcase><testcase classname="backend.tests.test_drivers_ecodriving" name="test_orhan_full_payload" time="0.000"><error message="failed on setup with &quot;AssertionError: {&quot;detail&quot;:&quot;Non authentifié&quot;}&#10;assert 401 == 200&#10; +  where 401 = &lt;Response [401]&gt;.status_code&quot;">backend/tests/test_drivers_ecodriving.py:28: in eco
    assert r.status_code == 200, r.text
E   AssertionError: {"detail":"Non authentifié"}
E   assert 401 == 200
E    +  where 401 = &lt;Response [401]&gt;.status_code</error></testcase><testcase classname="backend.tests.test_drivers_ecodriving" name="test_ivan_present" time="0.000"><error message="failed on setup with &quot;AssertionError: {&quot;detail&quot;:&quot;Non authentifié&quot;}&#10;assert 401 == 200&#10; +  where 401 = &lt;Response [401]&gt;.status_code&quot;">backend/tests/test_drivers_ecodriving.py:28: in eco
    assert r.status_code == 200, r.text
E   AssertionError: {"detail":"Non authentifié"}
E   assert 401 == 200
E    +  where 401 = &lt;Response [401]&gt;.status_code</error></testcase><testcase classname="backend.tests.test_drivers_ecodriving" name="test_unassigned_vehicles_isolated" time="0.000"><error message="failed on setup with &quot;AssertionError: {&quot;detail&quot;:&quot;Non authentifié&quot;}&#10;assert 401 == 200&#10; +  where 401 = &lt;Response [401]&gt;.status_code&quot;">backend/tests/test_drivers_ecodriving.py:28: in eco
    assert r.status_code == 200, r.text
E   AssertionError: {"detail":"Non authentifié"}
E   assert 401 == 200
E    +  where 401 = &lt;Response [401]&gt;.status_code</error></testcase><testcase classname="backend.tests.test_drivers_ecodriving" name="test_audit_shape" time="0.000"><error message="failed on setup with &quot;AssertionError: {&quot;detail&quot;:&quot;Non authentifié&quot;}&#10;assert 401 == 200&#10; +  where 401 = &lt;Response [401]&gt;.status_code&quot;">backend/tests/test_drivers_ecodriving.py:28: in eco
    assert r.status_code == 200, r.text
E   AssertionError: {"detail":"Non authentifié"}
E   assert 401 == 200
E    +  where 401 = &lt;Response [401]&gt;.status_code</error></testcase><testcase classname="backend.tests.test_drivers_ecodriving" name="test_cache_hit_on_second_call" time="0.116"><failure message="assert 401 == 200&#10; +  where 401 = &lt;Response [401]&gt;.status_code">backend/tests/test_drivers_ecodriving.py:166: in test_cache_hit_on_second_call
    assert r.status_code == 200
E   assert 401 == 200
E    +  where 401 = &lt;Response [401]&gt;.status_code</failure></testcase><testcase classname="backend.tests.test_drivers_ecodriving" name="test_sources_footer" time="0.000"><error message="failed on setup with &quot;AssertionError: {&quot;detail&quot;:&quot;Non authentifié&quot;}&#10;assert 401 == 200&#10; +  where 401 = &lt;Response [401]&gt;.status_code&quot;">backend/tests/test_drivers_ecodriving.py:28: in eco
    assert r.status_code == 200, r.text
E   AssertionError: {"detail":"Non authentifié"}
E   assert 401 == 200
E    +  where 401 = &lt;Response [401]&gt;.status_code</error></testcase><testcase classname="backend.tests.test_garage_sync.TestGarageList" name="test_garage_list_structure" time="0.119"><failure message="AssertionError: {&quot;detail&quot;:&quot;Non authentifié&quot;}&#10;assert 401 == 200&#10; +  where 401 = &lt;Response [401]&gt;.status_code">backend/tests/test_garage_sync.py:51: in test_garage_list_structure
    assert r.status_code == 200, r.text
E   AssertionError: {"detail":"Non authentifié"}
E   assert 401 == 200
E    +  where 401 = &lt;Response [401]&gt;.status_code</failure></testcase><testcase classname="backend.tests.test_garage_sync.TestGarageList" name="test_audi_fields" time="0.112"><failure message="KeyError: 'linked'">backend/tests/test_garage_sync.py:64: in test_audi_fields
    a = d["linked"]["781479"]
        ^^^^^^^^^^^
E   KeyError: 'linked'</failure></testcase><testcase classname="backend.tests.test_garage_sync.TestGaragePush" name="test_push_color_and_restore" time="0.241"><failure message="AssertionError: {&quot;detail&quot;:&quot;Non authentifié&quot;}&#10;assert 401 == 200&#10; +  where 401 = &lt;Response [401]&gt;.status_code">backend/tests/test_garage_sync.py:83: in test_push_color_and_restore
    assert r.status_code == 200, r.text
E   AssertionError: {"detail":"Non authentifié"}
E   assert 401 == 200
E    +  where 401 = &lt;Response [401]&gt;.status_code</failure></testcase><testcase classname="backend.tests.test_garage_sync.TestGaragePush" name="test_empty_manufacture_year_does_not_crash" time="0.114"><failure message="AssertionError: {&quot;detail&quot;:&quot;Non authentifié&quot;}&#10;assert 401 == 200&#10; +  where 401 = &lt;Response [401]&gt;.status_code">backend/tests/test_garage_sync.py:106: in test_empty_manufacture_year_does_not_crash
    assert r.status_code == 200, r.text
E   AssertionError: {"detail":"Non authentifié"}
E   assert 401 == 200
E    +  where 401 = &lt;Response [401]&gt;.status_code</failure></testcase><testcase classname="backend.tests.test_garage_sync.TestGaragePush" name="test_unknown_vehicle_id_returns_404" time="0.171"><failure message="AssertionError: {&quot;detail&quot;:&quot;Non authentifié&quot;}&#10;assert 401 == 404&#10; +  where 401 = &lt;Response [401]&gt;.status_code">backend/tests/test_garage_sync.py:120: in test_unknown_vehicle_id_returns_404
    assert r.status_code == 404, r.text
E   AssertionError: {"detail":"Non authentifié"}
E   assert 401 == 404
E    +  where 401 = &lt;Response [401]&gt;.status_code</failure></testcase><testcase classname="backend.tests.test_garage_sync.TestGaragePhoto" name="test_upload_photo_returns_avatar_url_and_image" time="0.442"><failure message="AssertionError: {&quot;detail&quot;:&quot;Non authentifié&quot;}&#10;assert 401 == 200&#10; +  where 401 = &lt;Response [401]&gt;.status_code">backend/tests/test_garage_sync.py:131: in test_upload_photo_returns_avatar_url_and_image
    assert r.status_code == 200, r.text
E   AssertionError: {"detail":"Non authentifié"}
E   assert 401 == 200
E    +  where 401 = &lt;Response [401]&gt;.status_code</failure></testcase><testcase classname="backend.tests.test_groups_and_group_id" name="test_groups_endpoint" time="0.114"><failure message="AssertionError: {&quot;detail&quot;:&quot;Non authentifié&quot;}&#10;assert 401 == 200&#10; +  where 401 = &lt;Response [401]&gt;.status_code">backend/tests/test_groups_and_group_id.py:14: in test_groups_endpoint
    assert r.status_code == 200, r.text
E   AssertionError: {"detail":"Non authentifié"}
E   assert 401 == 200
E    +  where 401 = &lt;Response [401]&gt;.status_code</failure></testcase><testcase classname="backend.tests.test_groups_and_group_id" name="test_efficiency_vehicles_have_group_id" time="0.142"><failure message="AssertionError: {&quot;detail&quot;:&quot;Non authentifié&quot;}&#10;assert 401 == 200&#10; +  where 401 = &lt;Response [401]&gt;.status_code">backend/tests/test_groups_and_group_id.py:34: in test_efficiency_vehicles_have_group_id
    assert r.status_code == 200, r.text
E   AssertionError: {"detail":"Non authentifié"}
E   assert 401 == 200
E    +  where 401 = &lt;Response [401]&gt;.status_code</failure></testcase><testcase classname="backend.tests.test_groups_and_group_id" name="test_group_ids_are_valid_navixy_groups" time="0.123"><failure message="KeyError: 'groups'">backend/tests/test_groups_and_group_id.py:45: in test_group_ids_are_valid_navixy_groups
    valid_ids = {gr["id"] for gr in g["groups"]} | {0}
                                    ^^^^^^^^^^^
E   KeyError: 'groups'</failure></testcase><testcase classname="backend.tests.test_super_admin_phase2.TestRBAC" name="test_admin_forbidden_on_admin_clients" time="0.762" /><testcase classname="backend.tests.test_super_admin_phase2.TestRBAC" name="test_admin_forbidden_on_admin_overview" time="0.059" /><testcase classname="backend.tests.test_super_admin_phase2.TestRBAC" name="test_super_admin_overview_no_navixy_hash_leak" time="1.100" /><testcase classname="backend.tests.test_super_admin_phase2.TestRBAC" name="test_super_admin_clients_list_no_hash" time="0.053" /><testcase classname="backend.tests.test_super_admin_phase2.TestIsolation" name="test_act_as_header_ignored_for_non_super" time="0.072" /><testcase classname="backend.tests.test_super_admin_phase2.TestIsolation" name="test_act_as_default_ignored_for_non_super" time="0.060" /><testcase classname="backend.tests.test_super_admin_phase2.TestIsolation" name="test_idor_admin_alpha_cannot_read_beta_users" time="0.127" /><testcase classname="backend.tests.test_super_admin_phase2.TestIsolation" name="test_flow_isolation_alpha_vs_beta" time="0.628" /><testcase classname="backend.tests.test_super_admin_phase2.TestModules" name="test_alpha_carburant_403" time="0.072" /><testcase classname="backend.tests.test_super_admin_phase2.TestModules" name="test_alpha_ecodriving_403" time="0.063" /><testcase classname="backend.tests.test_super_admin_phase2.TestModules" name="test_alpha_export_403" time="0.069" /><testcase classname="backend.tests.test_super_admin_phase2.TestModules" name="test_beta_fuel_ok" time="0.051" /><testcase classname="backend.tests.test_super_admin_phase2.TestReadOnly" name="test_read_only_can_read" time="0.417" /><testcase classname="backend.tests.test_super_admin_phase2.TestReadOnly" name="test_read_only_cannot_write_flows" time="0.060" /><testcase classname="backend.tests.test_super_admin_phase2.TestReadOnly" name="test_read_only_cannot_delete" time="0.061" /><testcase classname="backend.tests.test_super_admin_phase2.TestSuspension" name="test_suspend_and_reactivate_alpha" time="1.290" /><testcase classname="backend.tests.test_super_admin_phase2.TestSuspension" name="test_default_tenant_cannot_be_suspended" time="0.050" /><testcase classname="backend.tests.test_super_admin_phase2.TestWizard" name="test_navixy_test_with_bad_hash" time="0.416" /><testcase classname="backend.tests.test_super_admin_phase2.TestWizard" name="test_navixy_test_empty_hash_400" time="0.048" /><testcase classname="backend.tests.test_super_admin_phase2.TestWizard" name="test_create_client_subdomain_conflict" time="0.053" /><testcase classname="backend.tests.test_super_admin_phase2.TestWizard" name="test_create_user_with_super_admin_role_rejected" time="0.050" /><testcase classname="backend.tests.test_super_admin_phase2.TestWizard" name="test_create_client_invalid_module" time="0.052" /><testcase classname="backend.tests.test_super_admin_phase2.TestImpersonation" name="test_start_end_and_log" time="0.221" /><testcase classname="backend.tests.test_super_admin_phase2.TestImpersonation" name="test_start_unknown_tenant_404" time="0.061" /><testcase classname="backend.tests.test_super_admin_phase2.TestNonRegression" name="test_tenant_context_default" time="0.069" /><testcase classname="backend.tests.test_super_admin_phase2.TestNonRegression" name="test_fleet_stats_ok" time="0.058" /><testcase classname="backend.tests.test_super_admin_phase2.TestNonRegression" name="test_ecodriving_ok" time="0.058" /><testcase classname="backend.tests.test_super_admin_phase2.TestNonRegression" name="test_vehicles_admin_ok" time="0.049" /><testcase classname="backend.tests.test_super_admin_phase2.TestNonRegression" name="test_export_pdf_signature" time="0.560" /><testcase classname="backend.tests.test_vehicle_admin.TestListAndSections" name="test_list_ok" time="0.131"><failure message="AssertionError: {&quot;detail&quot;:&quot;Non authentifié&quot;}&#10;assert 401 == 200&#10; +  where 401 = &lt;Response [401]&gt;.status_code">backend/tests/test_vehicle_admin.py:25: in test_list_ok
    assert r.status_code == 200, r.text
E   AssertionError: {"detail":"Non authentifié"}
E   assert 401 == 200
E    +  where 401 = &lt;Response [401]&gt;.status_code</failure></testcase><testcase classname="backend.tests.test_vehicle_admin.TestListAndSections" name="test_put_general_upserts_and_persists" time="0.062"><failure message="AssertionError: {&quot;detail&quot;:&quot;Non authentifié&quot;}&#10;assert 401 == 200&#10; +  where 401 = &lt;Response [401]&gt;.status_code">backend/tests/test_vehicle_admin.py:33: in test_put_general_upserts_and_persists
    assert r.status_code == 200, r.text
E   AssertionError: {"detail":"Non authentifié"}
E   assert 401 == 200
E    +  where 401 = &lt;Response [401]&gt;.status_code</failure></testcase><testcase classname="backend.tests.test_vehicle_admin.TestListAndSections" name="test_put_leasing_and_assurance" time="0.068"><failure message="assert 401 == 200&#10; +  where 401 = &lt;Response [401]&gt;.status_code">backend/tests/test_vehicle_admin.py:44: in test_put_leasing_and_assurance
    assert r.status_code == 200
E   assert 401 == 200
E    +  where 401 = &lt;Response [401]&gt;.status_code</failure></testcase><testcase classname="backend.tests.test_vehicle_admin.TestListAndSections" name="test_invalid_section_400" time="0.060"><failure message="assert 401 == 400&#10; +  where 401 = &lt;Response [401]&gt;.status_code">backend/tests/test_vehicle_admin.py:49: in test_invalid_section_400
    assert r.status_code == 400
E   assert 401 == 400
E    +  where 401 = &lt;Response [401]&gt;.status_code</failure></testcase><testcase classname="backend.tests.test_vehicle_admin.TestControles" name="test_controle_full_lifecycle" time="0.070"><failure message="assert 401 == 200&#10; +  where 401 = &lt;Response [401]&gt;.status_code">backend/tests/test_vehicle_admin.py:58: in test_controle_full_lifecycle
    assert r.status_code == 200
E   assert 401 == 200
E    +  where 401 = &lt;Response [401]&gt;.status_code</failure></testcase><testcase classname="backend.tests.test_vehicle_admin.TestEtat" name="test_etat_add_and_delete" time="0.057"><failure message="assert 401 == 200&#10; +  where 401 = &lt;Response [401]&gt;.status_code">backend/tests/test_vehicle_admin.py:81: in test_etat_add_and_delete
    assert r.status_code == 200
E   assert 401 == 200
E    +  where 401 = &lt;Response [401]&gt;.status_code</failure></testcase><testcase classname="backend.tests.test_vehicle_admin.TestDocuments" name="test_document_upload_download_delete" time="0.069"><failure message="AssertionError: {&quot;detail&quot;:&quot;Non authentifié&quot;}&#10;assert 401 == 200&#10; +  where 401 = &lt;Response [401]&gt;.status_code">backend/tests/test_vehicle_admin.py:98: in test_document_upload_download_delete
    assert r.status_code == 200, r.text
E   AssertionError: {"detail":"Non authentifié"}
E   assert 401 == 200
E    +  where 401 = &lt;Response [401]&gt;.status_code</failure></testcase><testcase classname="backend.tests.test_vehicle_admin.TestDocuments" name="test_document_too_large_413" time="1.356"><failure message="AssertionError: expected 413, got 401: {&quot;detail&quot;:&quot;Non authentifié&quot;}&#10;assert 401 == 413&#10; +  where 401 = &lt;Response [401]&gt;.status_code">backend/tests/test_vehicle_admin.py:126: in test_document_too_large_413
    assert r.status_code == 413, f"expected 413, got {r.status_code}: {r.text[:200]}"
E   AssertionError: expected 413, got 401: {"detail":"Non authentifié"}
E   assert 401 == 413
E    +  where 401 = &lt;Response [401]&gt;.status_code</failure></testcase><testcase classname="backend.tests.test_vehicle_admin.TestZZCleanup" name="test_reset_sections_and_purge_test_data" time="0.124"><failure message="assert 401 == 200&#10; +  where 401 = &lt;Response [401]&gt;.status_code">backend/tests/test_vehicle_admin.py:134: in test_reset_sections_and_purge_test_data
    assert r.status_code == 200
E   assert 401 == 200
E    +  where 401 = &lt;Response [401]&gt;.status_code</failure></testcase></testsuite></testsuites>