<?xml version="1.0" encoding="utf-8"?><testsuites name="pytest tests"><testsuite name="pytest" errors="0" failures="0" skipped="0" tests="6" time="8.271" timestamp="2026-08-10T10:03:56.376524+00:00" hostname="agent-env-d70b155c-6ab7-4c31-9882-4347c6a7cb10"><testcase classname="tests.test_garage_sync.TestGarageList" name="test_garage_list_structure" time="0.648" /><testcase classname="tests.test_garage_sync.TestGarageList" name="test_audi_fields" time="0.467" /><testcase classname="tests.test_garage_sync.TestGaragePush" name="test_push_color_and_restore" time="2.989" /><testcase classname="tests.test_garage_sync.TestGaragePush" name="test_empty_manufacture_year_does_not_crash" time="2.496" /><testcase classname="tests.test_garage_sync.TestGaragePush" name="test_unknown_vehicle_id_returns_404" time="0.459" /><testcase classname="tests.test_garage_sync.TestGaragePhoto" name="test_upload_photo_returns_avatar_url_and_image" time="0.997" /></testsuite></testsuites>