<?xml version="1.0" encoding="utf-8"?><testsuites name="pytest tests"><testsuite name="pytest" errors="0" failures="0" skipped="0" tests="7" time="10.965" timestamp="2026-08-07T15:36:05.886910+00:00" hostname="agent-env-d70b155c-6ab7-4c31-9882-4347c6a7cb10"><testcase classname="tests.test_groups_and_group_id" name="test_groups_endpoint" time="0.565" /><testcase classname="tests.test_groups_and_group_id" name="test_efficiency_vehicles_have_group_id" time="2.110" /><testcase classname="tests.test_groups_and_group_id" name="test_group_ids_are_valid_navixy_groups" time="0.596" /><testcase classname="tests.test_analyse_flotte_invariants" name="test_efficiency_invariants[2026-02-01-2026-02-07-7]" time="0.136" /><testcase classname="tests.test_analyse_flotte_invariants" name="test_efficiency_invariants[2026-02-07-2026-02-07-1]" time="1.219" /><testcase classname="tests.test_analyse_flotte_invariants" name="test_efficiency_invariants[2026-01-08-2026-02-07-31]" time="4.605" /><testcase classname="tests.test_analyse_flotte_invariants" name="test_trends_7_days" time="1.545" /></testsuite></testsuites>