<?xml version="1.0" encoding="utf-8"?><testsuites name="pytest tests"><testsuite name="pytest" errors="0" failures="0" skipped="0" tests="48" time="75.041" timestamp="2026-08-12T15:07:39.478312+00:00" hostname="agent-env-d70b155c-6ab7-4c31-9882-4347c6a7cb10"><testcase classname="tests.test_access_link.TestAccessLinkEdit" name="test_create_edit_link" time="0.741" /><testcase classname="tests.test_access_link.TestAccessLinkEdit" name="test_public_access_302_sets_cookies" time="0.142" /><testcase classname="tests.test_access_link.TestAccessLinkEdit" name="test_me_returns_manager_via_link" time="0.060" /><testcase classname="tests.test_access_link.TestAccessLinkEdit" name="test_link_session_can_read_flows" time="0.059" /><testcase classname="tests.test_access_link.TestAccessLinkEdit" name="test_link_session_admin_endpoint_forbidden" time="0.059" /><testcase classname="tests.test_access_link.TestAccessLinkEdit" name="test_link_session_tenant_context" time="0.063" /><testcase classname="tests.test_access_link.TestAccessLinkEdit" name="test_link_session_ignores_act_as_header" time="0.055" /><testcase classname="tests.test_access_link.TestAccessLinkEdit" name="test_link_session_change_password_forbidden" time="0.055" /><testcase classname="tests.test_access_link.TestAccessLinkEdit" name="test_link_session_can_create_flow" time="0.058" /><testcase classname="tests.test_access_link.TestAccessLinkEdit" name="test_link_session_csrf_cross_origin_blocked" time="0.003" /><testcase classname="tests.test_access_link.TestAccessLinkEdit" name="test_link_session_same_origin_post_allowed" time="0.141" /><testcase classname="tests.test_access_link.TestAccessLinkEdit" name="test_link_session_refresh_ok" time="0.072" /><testcase classname="tests.test_access_link.TestAccessLinkEdit" name="test_cleanup_flow" time="0.072" /><testcase classname="tests.test_access_link.TestAccessLinkRead" name="test_create_read_link_and_use" time="0.230" /><testcase classname="tests.test_access_link.TestAccessLinkRead" name="test_read_link_role" time="0.057" /><testcase classname="tests.test_access_link.TestAccessLinkRead" name="test_read_link_get_ok" time="0.048" /><testcase classname="tests.test_access_link.TestAccessLinkRead" name="test_read_link_post_forbidden" time="0.059" /><testcase classname="tests.test_access_link.TestAccessLinkRevocation" name="test_revoke_link" time="0.074" /><testcase classname="tests.test_access_link.TestAccessLinkRevocation" name="test_existing_session_401_after_revoke" time="0.041" /><testcase classname="tests.test_access_link.TestAccessLinkRevocation" name="test_reuse_revoked_token_redirects_invalid" time="0.191" /><testcase classname="tests.test_access_link.TestAccessLinkRevocation" name="test_refresh_after_revoke_401" time="0.048" /><testcase classname="tests.test_access_link.TestAccessLinkSecurity" name="test_bogus_token_redirects_invalid" time="0.182" /><testcase classname="tests.test_access_link.TestAccessLinkSecurity" name="test_suspended_client_link_forbidden" time="0.643" /><testcase classname="tests.test_access_link" name="test_mongo_token_hash_only" time="0.005" /><testcase classname="tests.test_access_link" name="test_audit_log_contains_events" time="0.003" /><testcase classname="tests.test_access_link.TestNonRegression" name="test_super_admin_login" time="0.390" /><testcase classname="tests.test_access_link.TestNonRegression" name="test_super_admin_overview" time="0.534" /><testcase classname="tests.test_access_link.TestNonRegression" name="test_beta_admin_can_still_login" time="0.360" /><testcase classname="tests.test_access_link.TestNonRegression" name="test_alpha_still_active_at_end" time="0.075" /><testcase classname="tests.test_access_link.TestNonRegression" name="test_beta_still_active_at_end" time="0.073" /><testcase classname="tests.test_capabilities.TestCapabilitiesTechlift" name="test_techlift_37_records" time="0.484" /><testcase classname="tests.test_capabilities.TestCapabilitiesTechlift" name="test_techlift_capability_counts" time="0.089" /><testcase classname="tests.test_capabilities.TestCapabilitiesTechlift" name="test_techlift_value_schema" time="0.087" /><testcase classname="tests.test_capabilities.TestCapabilitiesTechlift" name="test_ev_keys_always_unavailable_techlift" time="0.090" /><testcase classname="tests.test_capabilities.TestCapabilitiesTechlift" name="test_individual_tracker_ok_and_404" time="0.245" /><testcase classname="tests.test_capabilities.TestCapabilitiesTechlift" name="test_cache_fast_second_call" time="0.214" /><testcase classname="tests.test_capabilities.TestCapabilitiesFlex" name="test_flex_52_records" time="0.194" /><testcase classname="tests.test_capabilities.TestCapabilitiesFlex" name="test_flex_zoe_unknown_no_ev" time="0.100" /><testcase classname="tests.test_capabilities.TestCapabilitiesFlex" name="test_flex_prius_dtc_stale_vin" time="0.097" /><testcase classname="tests.test_capabilities.TestCapabilitiesFlex" name="test_flex_porto_fuel_available" time="0.106" /><testcase classname="tests.test_capabilities.TestCapabilitiesFlex" name="test_flex_tigizirt_unverified" time="0.096" /><testcase classname="tests.test_capabilities.TestMultiTenantIsolation" name="test_beta_hash_fake_returns_clean_error" time="0.802" /><testcase classname="tests.test_capabilities.TestMultiTenantIsolation" name="test_beta_cannot_impersonate_via_header" time="0.428" /><testcase classname="tests.test_capabilities.TestFleetStats" name="test_data_status_present" time="11.736" /><testcase classname="tests.test_capabilities.TestFleetStats" name="test_vehicles_have_fuel_type_no_silent_zero" time="0.088" /><testcase classname="tests.test_capabilities.TestFleetStats" name="test_efficiency_data_status" time="10.909" /><testcase classname="tests.test_capabilities.TestExports" name="test_pdf" time="44.248" /><testcase classname="tests.test_capabilities.TestExports" name="test_csv" time="0.274" /></testsuite></testsuites>