<?xml version="1.0" encoding="utf-8"?><testsuites name="pytest tests"><testsuite name="pytest" errors="0" failures="0" skipped="0" tests="9" time="2.139" timestamp="2026-08-10T08:41:48.919956+00:00" hostname="agent-env-d70b155c-6ab7-4c31-9882-4347c6a7cb10"><testcase classname="backend.tests.test_vehicle_admin.TestListAndSections" name="test_list_ok" time="0.184" /><testcase classname="backend.tests.test_vehicle_admin.TestListAndSections" name="test_put_general_upserts_and_persists" time="0.089" /><testcase classname="backend.tests.test_vehicle_admin.TestListAndSections" name="test_put_leasing_and_assurance" time="0.170" /><testcase classname="backend.tests.test_vehicle_admin.TestListAndSections" name="test_invalid_section_400" time="0.042" /><testcase classname="backend.tests.test_vehicle_admin.TestControles" name="test_controle_full_lifecycle" time="0.134" /><testcase classname="backend.tests.test_vehicle_admin.TestEtat" name="test_etat_add_and_delete" time="0.086" /><testcase classname="backend.tests.test_vehicle_admin.TestDocuments" name="test_document_upload_download_delete" time="0.138" /><testcase classname="backend.tests.test_vehicle_admin.TestDocuments" name="test_document_too_large_413" time="0.729" /><testcase classname="backend.tests.test_vehicle_admin.TestZZCleanup" name="test_reset_sections_and_purge_test_data" time="0.297" /></testsuite></testsuites>