<?xml version="1.0" encoding="utf-8"?><testsuites name="pytest tests"><testsuite name="pytest" errors="0" failures="0" skipped="0" tests="29" time="6.559" timestamp="2026-08-10T13:47:25.047209+00:00" hostname="agent-env-d70b155c-6ab7-4c31-9882-4347c6a7cb10"><testcase classname="backend.tests.test_super_admin_phase2.TestRBAC" name="test_admin_forbidden_on_admin_clients" time="0.431" /><testcase classname="backend.tests.test_super_admin_phase2.TestRBAC" name="test_admin_forbidden_on_admin_overview" time="0.057" /><testcase classname="backend.tests.test_super_admin_phase2.TestRBAC" name="test_super_admin_overview_no_navixy_hash_leak" time="0.805" /><testcase classname="backend.tests.test_super_admin_phase2.TestRBAC" name="test_super_admin_clients_list_no_hash" time="0.047" /><testcase classname="backend.tests.test_super_admin_phase2.TestIsolation" name="test_act_as_header_ignored_for_non_super" time="0.060" /><testcase classname="backend.tests.test_super_admin_phase2.TestIsolation" name="test_act_as_default_ignored_for_non_super" time="0.055" /><testcase classname="backend.tests.test_super_admin_phase2.TestIsolation" name="test_idor_admin_alpha_cannot_read_beta_users" time="0.099" /><testcase classname="backend.tests.test_super_admin_phase2.TestIsolation" name="test_flow_isolation_alpha_vs_beta" time="0.547" /><testcase classname="backend.tests.test_super_admin_phase2.TestModules" name="test_alpha_carburant_403" time="0.056" /><testcase classname="backend.tests.test_super_admin_phase2.TestModules" name="test_alpha_ecodriving_403" time="0.056" /><testcase classname="backend.tests.test_super_admin_phase2.TestModules" name="test_alpha_export_403" time="0.055" /><testcase classname="backend.tests.test_super_admin_phase2.TestModules" name="test_beta_fuel_ok" time="0.045" /><testcase classname="backend.tests.test_super_admin_phase2.TestReadOnly" name="test_read_only_can_read" time="0.373" /><testcase classname="backend.tests.test_super_admin_phase2.TestReadOnly" name="test_read_only_cannot_write_flows" time="0.044" /><testcase classname="backend.tests.test_super_admin_phase2.TestReadOnly" name="test_read_only_cannot_delete" time="0.044" /><testcase classname="backend.tests.test_super_admin_phase2.TestSuspension" name="test_suspend_and_reactivate_alpha" time="1.171" /><testcase classname="backend.tests.test_super_admin_phase2.TestSuspension" name="test_default_tenant_cannot_be_suspended" time="0.050" /><testcase classname="backend.tests.test_super_admin_phase2.TestWizard" name="test_navixy_test_with_bad_hash" time="0.411" /><testcase classname="backend.tests.test_super_admin_phase2.TestWizard" name="test_navixy_test_empty_hash_400" time="0.045" /><testcase classname="backend.tests.test_super_admin_phase2.TestWizard" name="test_create_client_subdomain_conflict" time="0.043" /><testcase classname="backend.tests.test_super_admin_phase2.TestWizard" name="test_create_user_with_super_admin_role_rejected" time="0.045" /><testcase classname="backend.tests.test_super_admin_phase2.TestWizard" name="test_create_client_invalid_module" time="0.043" /><testcase classname="backend.tests.test_super_admin_phase2.TestImpersonation" name="test_start_end_and_log" time="0.414" /><testcase classname="backend.tests.test_super_admin_phase2.TestImpersonation" name="test_start_unknown_tenant_404" time="0.047" /><testcase classname="backend.tests.test_super_admin_phase2.TestNonRegression" name="test_tenant_context_default" time="0.048" /><testcase classname="backend.tests.test_super_admin_phase2.TestNonRegression" name="test_fleet_stats_ok" time="0.051" /><testcase classname="backend.tests.test_super_admin_phase2.TestNonRegression" name="test_ecodriving_ok" time="0.046" /><testcase classname="backend.tests.test_super_admin_phase2.TestNonRegression" name="test_vehicles_admin_ok" time="0.050" /><testcase classname="backend.tests.test_super_admin_phase2.TestNonRegression" name="test_export_pdf_signature" time="1.244" /></testsuite></testsuites>