<?xml version="1.0" encoding="utf-8"?><testsuites name="pytest tests"><testsuite name="pytest" errors="0" failures="0" skipped="0" tests="20" time="15.476" timestamp="2026-08-10T14:04:01.648504+00:00" hostname="agent-env-d70b155c-6ab7-4c31-9882-4347c6a7cb10"><testcase classname="tests.test_auth_phase2_1.TestMustChangePassword" name="test_1_login_ok_flags_must_change" time="3.262" /><testcase classname="tests.test_auth_phase2_1.TestMustChangePassword" name="test_2_api_blocked_with_password_change_required" time="0.408" /><testcase classname="tests.test_auth_phase2_1.TestMustChangePassword" name="test_3_change_wrong_current_401" time="0.594" /><testcase classname="tests.test_auth_phase2_1.TestMustChangePassword" name="test_4_change_too_short_400" time="1.010" /><testcase classname="tests.test_auth_phase2_1.TestMustChangePassword" name="test_5_change_same_as_current_400" time="0.553" /><testcase classname="tests.test_auth_phase2_1.TestMustChangePassword" name="test_6_change_success" time="0.775" /><testcase classname="tests.test_auth_phase2_1.TestMustChangePassword" name="test_7_api_now_accessible" time="0.358" /><testcase classname="tests.test_auth_phase2_1.TestMustChangePassword" name="test_8_old_temp_password_rejected" time="0.389" /><testcase classname="tests.test_auth_phase2_1.TestMustChangePassword" name="test_9_login_with_new_password_ok" time="1.295" /><testcase classname="tests.test_auth_phase2_1.TestRefreshRotation" name="test_rotation_and_replay_revocation" time="2.415" /><testcase classname="tests.test_auth_phase2_1.TestRefreshRotation" name="test_sessions_store_only_hash" time="0.005" /><testcase classname="tests.test_auth_phase2_1.TestRefreshRotation" name="test_logout_revokes_refresh" time="1.392" /><testcase classname="tests.test_auth_phase2_1.TestImpersonation" name="test_1_header_without_session_403_invalid" time="0.397" /><testcase classname="tests.test_auth_phase2_1.TestImpersonation" name="test_2_start_then_beta_ok" time="0.397" /><testcase classname="tests.test_auth_phase2_1.TestImpersonation" name="test_3_cross_tenant_header_denied" time="0.198" /><testcase classname="tests.test_auth_phase2_1.TestImpersonation" name="test_4_end_then_header_denied" time="0.422" /><testcase classname="tests.test_auth_phase2_1.TestImpersonation" name="test_5_manager_role_header_ignored" time="1.024" /><testcase classname="tests.test_auth_phase2_1.TestImpersonation" name="test_6_expiration_60min" time="0.418" /><testcase classname="tests.test_auth_phase2_1.TestAuditLog" name="test_actions_present" time="0.001" /><testcase classname="tests.test_auth_phase2_1.TestAuditLog" name="test_no_secret_leak" time="0.002" /></testsuite></testsuites>