<?xml version="1.0" encoding="utf-8"?><testsuites name="pytest tests"><testsuite name="pytest" errors="0" failures="0" skipped="0" tests="23" time="25.253" timestamp="2026-08-10T13:14:09.155744+00:00" hostname="agent-env-d70b155c-6ab7-4c31-9882-4347c6a7cb10"><testcase classname="backend.tests.test_auth_phase1.TestUnauthenticatedAccess" name="test_endpoint_requires_auth[/api/trackers]" time="0.276" /><testcase classname="backend.tests.test_auth_phase1.TestUnauthenticatedAccess" name="test_endpoint_requires_auth[/api/fleet/stats?from_date=2026-06-01&amp;to_date=2026-06-07]" time="0.278" /><testcase classname="backend.tests.test_auth_phase1.TestUnauthenticatedAccess" name="test_endpoint_requires_auth[/api/vehicles/admin]" time="0.134" /><testcase classname="backend.tests.test_auth_phase1.TestUnauthenticatedAccess" name="test_endpoint_requires_auth[/api/flows]" time="0.123" /><testcase classname="backend.tests.test_auth_phase1.TestUnauthenticatedAccess" name="test_endpoint_requires_auth[/api/config/fuel]" time="0.103" /><testcase classname="backend.tests.test_auth_phase1.TestUnauthenticatedAccess" name="test_endpoint_requires_auth[/api/admin/clients]" time="0.101" /><testcase classname="backend.tests.test_auth_phase1.TestUnauthenticatedAccess" name="test_endpoint_requires_auth[/api/debug/cache-stats]" time="0.106" /><testcase classname="backend.tests.test_auth_phase1.TestUnauthenticatedAccess" name="test_endpoint_requires_auth[/api/auth/me]" time="0.136" /><testcase classname="backend.tests.test_auth_phase1.TestPublicEndpoints" name="test_root" time="0.119" /><testcase classname="backend.tests.test_auth_phase1.TestPublicEndpoints" name="test_client_info_no_leaks" time="0.121" /><testcase classname="backend.tests.test_auth_phase1.TestAuthFlows" name="test_login_bad_password" time="0.364" /><testcase classname="backend.tests.test_auth_phase1.TestAuthFlows" name="test_me_with_cookie" time="0.419" /><testcase classname="backend.tests.test_auth_phase1.TestAuthFlows" name="test_refresh_renews_access" time="1.398" /><testcase classname="backend.tests.test_auth_phase1.TestAuthFlows" name="test_logout_clears_cookies" time="0.455" /><testcase classname="backend.tests.test_auth_phase1.TestAuthFlows" name="test_bearer_fallback" time="0.450" /><testcase classname="backend.tests.test_auth_phase1.TestBruteForce" name="test_lockout_after_5_failures" time="0.761" /><testcase classname="backend.tests.test_auth_phase1.TestSuperAdminEndpoints" name="test_admin_clients_no_navixy_hash" time="0.060" /><testcase classname="backend.tests.test_auth_phase1.TestSuperAdminEndpoints" name="test_debug_cache_stats" time="0.058" /><testcase classname="backend.tests.test_auth_phase1.TestBusinessNonRegression" name="test_trackers_12" time="0.498" /><testcase classname="backend.tests.test_auth_phase1.TestBusinessNonRegression" name="test_fleet_stats" time="2.089" /><testcase classname="backend.tests.test_auth_phase1.TestBusinessNonRegression" name="test_vehicles_admin" time="0.061" /><testcase classname="backend.tests.test_auth_phase1.TestBusinessNonRegression" name="test_ecodriving" time="13.693" /><testcase classname="backend.tests.test_auth_phase1.TestBusinessNonRegression" name="test_export_pdf" time="3.233" /></testsuite></testsuites>