<?xml version="1.0" encoding="utf-8"?><testsuites name="pytest tests"><testsuite name="pytest" errors="0" failures="0" skipped="0" tests="12" time="21.032" timestamp="2026-07-22T11:15:46.634065+00:00" hostname="agent-env-d70b155c-6ab7-4c31-9882-4347c6a7cb10"><testcase classname="backend.tests.backend_test" name="test_root_engine_version" time="0.309" /><testcase classname="backend.tests.backend_test" name="test_fleet_stats_audit_and_real_data" time="2.108" /><testcase classname="backend.tests.backend_test" name="test_trends_real_and_null_fields" time="1.632" /><testcase classname="backend.tests.backend_test" name="test_vehicle_comparison" time="1.908" /><testcase classname="backend.tests.backend_test" name="test_fleet_efficiency" time="1.901" /><testcase classname="backend.tests.backend_test" name="test_fuel_config_default" time="0.050" /><testcase classname="backend.tests.backend_test" name="test_fuel_config_put_and_fleet_stats_have_fuel" time="2.139" /><testcase classname="backend.tests.backend_test" name="test_fuel_config_reset_null" time="2.131" /><testcase classname="backend.tests.backend_test" name="test_audit_compare" time="2.948" /><testcase classname="backend.tests.backend_test" name="test_export_pdf" time="2.349" /><testcase classname="backend.tests.backend_test" name="test_idle_by_group" time="0.678" /><testcase classname="backend.tests.backend_test" name="test_driver_report" time="2.776" /></testsuite></testsuites>