<?xml version="1.0" encoding="utf-8"?><testsuites name="pytest tests"><testsuite name="pytest" errors="0" failures="0" skipped="0" tests="10" time="12.434" timestamp="2026-07-22T10:44:21.647761+00:00" hostname="agent-env-d70b155c-6ab7-4c31-9882-4347c6a7cb10"><testcase classname="backend.tests.backend_test" name="test_root_engine_version" time="0.235" /><testcase classname="backend.tests.backend_test" name="test_fleet_stats_audit_and_real_data" time="2.023" /><testcase classname="backend.tests.backend_test" name="test_trends_real_and_null_fields" time="1.480" /><testcase classname="backend.tests.backend_test" name="test_vehicle_comparison" time="1.764" /><testcase classname="backend.tests.backend_test" name="test_fleet_efficiency" time="1.782" /><testcase classname="backend.tests.backend_test" name="test_fuel_config_default" time="0.046" /><testcase classname="backend.tests.backend_test" name="test_fuel_config_put_and_fleet_stats_have_fuel" time="1.947" /><testcase classname="backend.tests.backend_test" name="test_fuel_config_reset" time="0.045" /><testcase classname="backend.tests.backend_test" name="test_idle_by_group" time="0.661" /><testcase classname="backend.tests.backend_test" name="test_driver_report" time="2.368" /></testsuite></testsuites>